Using pre-set license
Built from '2020.2/staging' branch; Version is '2020.2.6f1 (8a2143876886) revision 9052483'; Using compiler version '192528614'; Build Type 'Release'
OS: 'Windows 10 Pro; OS build 18362.418; Version 1903; 64bit' Language: 'it' Physical Memory: 8151 MB
BatchMode: 1, IsHumanControllingUs: 0, StartBugReporterOnCrash: 0, Is64bit: 1, IsPro: 0

 COMMAND LINE ARGUMENTS:
C:\Program Files\Unity\2020.2.6f1\Editor\Unity.exe
-adb2
-batchMode
-noUpm
-name
AssetImportWorker2
-projectPath
C:/Users/Nikone/Crystalia/Crystalia
-logFile
Logs/AssetImportWorker2.log
-srvPort
55917
Successfully changed project path to: C:/Users/Nikone/Crystalia/Crystalia
C:/Users/Nikone/Crystalia/Crystalia
Using Asset Import Pipeline V2.
Refreshing native plugins compatible for Editor in 271.82 ms, found 1 plugins.
Preloading 0 native plugins for Editor in 0.00 ms.
Initialize engine version: 2020.2.6f1 (8a2143876886)
[Subsystems] Discovering subsystems at path C:/Program Files/Unity/2020.2.6f1/Editor/Data/Resources/UnitySubsystems
[Subsystems] Discovering subsystems at path C:/Users/Nikone/Crystalia/Crystalia/Assets
GfxDevice: creating device client; threaded=0
Direct3D:
    Version:  Direct3D 11.0 [level 11.1]
    Renderer: NVIDIA GeForce GTX 1050 (ID=0x1c81)
    Vendor:   
    VRAM:     1977 MB
    Driver:   27.21.14.5167
Shader 'Universal Render Pipeline/Particles/Lit': fallback shader 'Universal Render Pipeline/Particles/SimpleLit' not found
Initialize mono
Mono path[0] = 'C:/Program Files/Unity/2020.2.6f1/Editor/Data/Managed'
Mono path[1] = 'C:/Program Files/Unity/2020.2.6f1/Editor/Data/MonoBleedingEdge/lib/mono/unityjit'
Mono config path = 'C:/Program Files/Unity/2020.2.6f1/Editor/Data/MonoBleedingEdge/etc'
Using monoOptions --debugger-agent=transport=dt_socket,embedding=1,server=y,suspend=n,address=127.0.0.1:56072
Begin MonoManager ReloadAssembly
Registering precompiled unity dll's ...
Register platform support module: C:/Program Files/Unity/2020.2.6f1/Editor/Data/PlaybackEngines/WindowsStandaloneSupport/UnityEditor.WindowsStandalone.Extensions.dll
Registered in 0.002261 seconds.
Native extension for WindowsStandalone target not found
Refreshing native plugins compatible for Editor in 123.49 ms, found 1 plugins.
Preloading 0 native plugins for Editor in 0.00 ms.
Invoked RoslynAnalysisRunner static constructor.
RoslynAnalysisRunner will not be running.
RoslynAnalysisRunner has terminated.
Mono: successfully reloaded assembly
- Completed reload, in  2.528 seconds
Platform modules already initialized, skipping
Registering precompiled user dll's ...
Registered in 0.007285 seconds.
Begin MonoManager ReloadAssembly
Native extension for WindowsStandalone target not found
Refreshing native plugins compatible for Editor in 89.81 ms, found 1 plugins.
Preloading 0 native plugins for Editor in 0.00 ms.
Invoked RoslynAnalysisRunner static constructor.
RoslynAnalysisRunner will not be running.
RoslynAnalysisRunner has terminated.
Find all reader and writers took 180 milliseconds
Script Module: UnityEngine.UI.dll
Weave sync objects took 9 milliseconds
Weave behaviours and messages took44 milliseconds
Find all reader and writers took 187 milliseconds
Script Module: Unity.RenderPipelines.Core.Runtime.dll
Weave sync objects took 7 milliseconds
Weave behaviours and messages took11 milliseconds
Find all reader and writers took 240 milliseconds
Script Module: UnityEngine.TestRunner.dll
Weave sync objects took 15 milliseconds
Weave behaviours and messages took16 milliseconds
Find all reader and writers took 153 milliseconds
Script Module: Unity.Mathematics.dll
Weave sync objects took 12 milliseconds
Weave behaviours and messages took13 milliseconds
Find all reader and writers took 183 milliseconds
Script Module: Unity.RenderPipelines.Universal.Runtime.dll
Weave sync objects took 20 milliseconds
Weave behaviours and messages took22 milliseconds
Find all reader and writers took 144 milliseconds
Script Module: Unity.2D.Animation.Runtime.dll
Weave sync objects took 8 milliseconds
Weave behaviours and messages took8 milliseconds
Find all reader and writers took 125 milliseconds
Script Module: Mirror.Components.dll
Weave sync objects took 8 milliseconds
[NetworkVisibility] Found NetworkBehaviour Mirror.NetworkVisibility
[NetworkVisibility] NetworkBehaviourProcessor
[NetworkVisibility] Process Start
[NetworkVisibility]   GenerateSerialization
[NetworkVisibility]   GenerateDeSerialization
[NetworkVisibility] Process Done
[ServerRequest] MessageClassProcessor Start
[ServerRequest]   GenerateSerialization
[ServerRequest]   GenerateDeserialization
[ServerRequest] MessageClassProcessor Done
[ServerResponse] MessageClassProcessor Start
[ServerResponse]   GenerateSerialization
[ServerResponse]   GenerateDeserialization
[ServerResponse] MessageClassProcessor Done
Weave behaviours and messages took36 milliseconds
  ProcessSitesModule Mirror.Components.dll elapsed time:00:00:00.0319174
Find all reader and writers took 325 milliseconds
Script Module: Unity.TextMeshPro.dll
Weave sync objects took 78 milliseconds
Weave behaviours and messages took86 milliseconds
Find all reader and writers took 136 milliseconds
Script Module: Cinemachine.dll
Weave sync objects took 5 milliseconds
Weave behaviours and messages took13 milliseconds
Find all reader and writers took 175 milliseconds
Script Module: Unity.Timeline.dll
Weave sync objects took 5 milliseconds
Weave behaviours and messages took6 milliseconds
Find all reader and writers took 986 milliseconds
Script Module: Unity.2D.SpriteShape.Runtime.dll
Weave sync objects took 6 milliseconds
Weave behaviours and messages took10 milliseconds
Find all reader and writers took 285 milliseconds
Script Module: Ninja.WebSockets.dll
Weave sync objects took 0 milliseconds
Weave behaviours and messages took0 milliseconds
Find all reader and writers took 164 milliseconds
Script Module: Unity.2D.Animation.Triangle.Runtime.dll
Weave sync objects took 0 milliseconds
Weave behaviours and messages took0 milliseconds
Find all reader and writers took 121 milliseconds
Script Module: Unity.2D.PixelPerfect.dll
Weave sync objects took 4 milliseconds
Weave behaviours and messages took4 milliseconds
Find all reader and writers took 124 milliseconds
Script Module: Assembly-CSharp.dll
Weave sync objects took 4 milliseconds
Weave behaviours and messages took7 milliseconds
Find all reader and writers took 118 milliseconds
Script Module: Unity.2D.IK.Runtime.dll
Weave sync objects took 4 milliseconds
Weave behaviours and messages took4 milliseconds
Find all reader and writers took 116 milliseconds
Script Module: Unity.2D.Common.Runtime.dll
Weave sync objects took 0 milliseconds
Weave behaviours and messages took0 milliseconds
Find all reader and writers took 126 milliseconds
Script Module: Unity.RenderPipelines.Core.ShaderLibrary.dll
Weave sync objects took 0 milliseconds
Weave behaviours and messages took0 milliseconds
Find all reader and writers took 116 milliseconds
Script Module: Unity.InternalAPIEngineBridge.001.dll
Weave sync objects took 0 milliseconds
Weave behaviours and messages took0 milliseconds
Find all reader and writers took 156 milliseconds
Script Module: Unity.RenderPipeline.Universal.ShaderLibrary.dll
Weave sync objects took 0 milliseconds
Weave behaviours and messages took0 milliseconds
Find all reader and writers took 146 milliseconds
Script Module: Mirror.Authenticators.dll
Weave sync objects took 6 milliseconds
[AuthRequestMessage] MessageClassProcessor Start
[AuthRequestMessage]   GenerateSerialization
[AuthRequestMessage]   GenerateDeserialization
[AuthRequestMessage] MessageClassProcessor Done
[AuthResponseMessage] MessageClassProcessor Start
[AuthResponseMessage]   GenerateSerialization
[AuthResponseMessage]   GenerateDeserialization
[AuthResponseMessage] MessageClassProcessor Done
Weave behaviours and messages took7 milliseconds
  ProcessSitesModule Mirror.Authenticators.dll elapsed time:00:00:00.0009979
Find all reader and writers took 207 milliseconds
Script Module: Unity.RenderPipelines.Universal.Shaders.dll
Weave sync objects took 0 milliseconds
Weave behaviours and messages took0 milliseconds
Find all reader and writers took 116 milliseconds
Script Module: Unity.RenderPipelines.ShaderGraph.ShaderGraphLibrary.dll
Weave sync objects took 0 milliseconds
Weave behaviours and messages took0 milliseconds
Find all reader and writers took 117 milliseconds
Script Module: com.unity.cinemachine.editor.dll
Weave sync objects took 19 milliseconds
Weave behaviours and messages took20 milliseconds
Find all reader and writers took 124 milliseconds
Script Module: UnityEditor.TestRunner.dll
Weave sync objects took 51 milliseconds
Weave behaviours and messages took53 milliseconds
Find all reader and writers took 704 milliseconds
Script Module: PsdPlugin.dll
Weave sync objects took 0 milliseconds
Weave behaviours and messages took0 milliseconds
Find all reader and writers took 160 milliseconds
Script Module: Mirror.CompilerSymbols.dll
Weave sync objects took 0 milliseconds
Weave behaviours and messages took0 milliseconds
Find all reader and writers took 118 milliseconds
Script Module: UnityEditor.UI.dll
Weave sync objects took 14 milliseconds
Weave behaviours and messages took15 milliseconds
Find all reader and writers took 162 milliseconds
Script Module: Unity.InternalAPIEditorBridge.001.dll
Weave sync objects took 24 milliseconds
Weave behaviours and messages took25 milliseconds
