Using pre-set license
Built from '2020.2/staging' branch; Version is '2020.2.6f1 (8a2143876886) revision 9052483'; Using compiler version '192528614'; Build Type 'Release'
OS: 'Windows 10 Pro; OS build 18362.418; Version 1903; 64bit' Language: 'it' Physical Memory: 8151 MB
BatchMode: 1, IsHumanControllingUs: 0, StartBugReporterOnCrash: 0, Is64bit: 1, IsPro: 0

 COMMAND LINE ARGUMENTS:
C:\Program Files\Unity\2020.2.6f1\Editor\Unity.exe
-adb2
-batchMode
-noUpm
-name
AssetImportWorker0
-projectPath
C:/Users/Nikone/Crystalia/Crystalia
-logFile
Logs/AssetImportWorker0.log
-srvPort
59384
Successfully changed project path to: C:/Users/Nikone/Crystalia/Crystalia
C:/Users/Nikone/Crystalia/Crystalia
Using Asset Import Pipeline V2.
Refreshing native plugins compatible for Editor in 68.05 ms, found 1 plugins.
Preloading 0 native plugins for Editor in 0.00 ms.
Initialize engine version: 2020.2.6f1 (8a2143876886)
[Subsystems] Discovering subsystems at path C:/Program Files/Unity/2020.2.6f1/Editor/Data/Resources/UnitySubsystems
[Subsystems] Discovering subsystems at path C:/Users/Nikone/Crystalia/Crystalia/Assets
GfxDevice: creating device client; threaded=0
Direct3D:
    Version:  Direct3D 11.0 [level 11.1]
    Renderer: NVIDIA GeForce GTX 1050 (ID=0x1c81)
    Vendor:   
    VRAM:     1977 MB
    Driver:   27.21.14.5167
Shader 'Universal Render Pipeline/Particles/Lit': fallback shader 'Universal Render Pipeline/Particles/SimpleLit' not found
Initialize mono
Mono path[0] = 'C:/Program Files/Unity/2020.2.6f1/Editor/Data/Managed'
Mono path[1] = 'C:/Program Files/Unity/2020.2.6f1/Editor/Data/MonoBleedingEdge/lib/mono/unityjit'
Mono config path = 'C:/Program Files/Unity/2020.2.6f1/Editor/Data/MonoBleedingEdge/etc'
Using monoOptions --debugger-agent=transport=dt_socket,embedding=1,server=y,suspend=n,address=127.0.0.1:56048
Begin MonoManager ReloadAssembly
Registering precompiled unity dll's ...
Register platform support module: C:/Program Files/Unity/2020.2.6f1/Editor/Data/PlaybackEngines/WindowsStandaloneSupport/UnityEditor.WindowsStandalone.Extensions.dll
Registered in 0.002744 seconds.
Native extension for WindowsStandalone target not found
Refreshing native plugins compatible for Editor in 71.46 ms, found 1 plugins.
Preloading 0 native plugins for Editor in 0.00 ms.
Invoked RoslynAnalysisRunner static constructor.
RoslynAnalysisRunner will not be running.
RoslynAnalysisRunner has terminated.
Mono: successfully reloaded assembly
- Completed reload, in  1.207 seconds
Platform modules already initialized, skipping
Registering precompiled user dll's ...
Registered in 0.003882 seconds.
Begin MonoManager ReloadAssembly
Native extension for WindowsStandalone target not found
Refreshing native plugins compatible for Editor in 67.01 ms, found 1 plugins.
Preloading 0 native plugins for Editor in 0.00 ms.
Invoked RoslynAnalysisRunner static constructor.
RoslynAnalysisRunner will not be running.
RoslynAnalysisRunner has terminated.
Find all reader and writers took 129 milliseconds
Script Module: UnityEngine.UI.dll
Weave sync objects took 5 milliseconds
Weave behaviours and messages took23 milliseconds
Find all reader and writers took 120 milliseconds
Script Module: Unity.RenderPipelines.Core.Runtime.dll
Weave sync objects took 8 milliseconds
Weave behaviours and messages took11 milliseconds
Find all reader and writers took 120 milliseconds
Script Module: UnityEngine.TestRunner.dll
Weave sync objects took 9 milliseconds
Weave behaviours and messages took10 milliseconds
Find all reader and writers took 122 milliseconds
Script Module: Unity.Mathematics.dll
Weave sync objects took 4 milliseconds
Weave behaviours and messages took4 milliseconds
Find all reader and writers took 114 milliseconds
Script Module: Unity.RenderPipelines.Universal.Runtime.dll
Weave sync objects took 16 milliseconds
Weave behaviours and messages took17 milliseconds
Find all reader and writers took 108 milliseconds
Script Module: Unity.2D.Animation.Runtime.dll
Weave sync objects took 7 milliseconds
Weave behaviours and messages took7 milliseconds
Find all reader and writers took 107 milliseconds
Script Module: Mirror.Components.dll
Weave sync objects took 10 milliseconds
[NetworkVisibility] Found NetworkBehaviour Mirror.NetworkVisibility
[NetworkVisibility] NetworkBehaviourProcessor
[NetworkVisibility] Process Start
[NetworkVisibility]   GenerateSerialization
[NetworkVisibility]   GenerateDeSerialization
[NetworkVisibility] Process Done
[ServerRequest] MessageClassProcessor Start
[ServerRequest]   GenerateSerialization
[ServerRequest]   GenerateDeserialization
[ServerRequest] MessageClassProcessor Done
[ServerResponse] MessageClassProcessor Start
[ServerResponse]   GenerateSerialization
[ServerResponse]   GenerateDeserialization
[ServerResponse] MessageClassProcessor Done
Weave behaviours and messages took39 milliseconds
  ProcessSitesModule Mirror.Components.dll elapsed time:00:00:00.0299205
Find all reader and writers took 112 milliseconds
Script Module: Unity.TextMeshPro.dll
Weave sync objects took 16 milliseconds
Weave behaviours and messages took21 milliseconds
Find all reader and writers took 113 milliseconds
Script Module: Cinemachine.dll
Weave sync objects took 5 milliseconds
Weave behaviours and messages took12 milliseconds
Find all reader and writers took 122 milliseconds
Script Module: Unity.Timeline.dll
Weave sync objects took 5 milliseconds
Weave behaviours and messages took6 milliseconds
Find all reader and writers took 122 milliseconds
Script Module: Unity.2D.SpriteShape.Runtime.dll
Weave sync objects took 4 milliseconds
Weave behaviours and messages took7 milliseconds
Find all reader and writers took 110 milliseconds
Script Module: Ninja.WebSockets.dll
Weave sync objects took 0 milliseconds
Weave behaviours and messages took0 milliseconds
Find all reader and writers took 130 milliseconds
Script Module: Unity.2D.Animation.Triangle.Runtime.dll
Weave sync objects took 0 milliseconds
Weave behaviours and messages took0 milliseconds
Find all reader and writers took 118 milliseconds
Script Module: Unity.2D.PixelPerfect.dll
Weave sync objects took 4 milliseconds
Weave behaviours and messages took4 milliseconds
Find all reader and writers took 117 milliseconds
Script Module: Assembly-CSharp.dll
Weave sync objects took 4 milliseconds
Weave behaviours and messages took6 milliseconds
Find all reader and writers took 127 milliseconds
Script Module: Unity.2D.IK.Runtime.dll
Weave sync objects took 4 milliseconds
Weave behaviours and messages took4 milliseconds
Find all reader and writers took 114 milliseconds
Script Module: Unity.2D.Common.Runtime.dll
Weave sync objects took 0 milliseconds
Weave behaviours and messages took0 milliseconds
Find all reader and writers took 107 milliseconds
Script Module: Unity.RenderPipelines.Core.ShaderLibrary.dll
Weave sync objects took 0 milliseconds
Weave behaviours and messages took0 milliseconds
Find all reader and writers took 110 milliseconds
Script Module: Unity.InternalAPIEngineBridge.001.dll
Weave sync objects took 0 milliseconds
Weave behaviours and messages took0 milliseconds
Find all reader and writers took 107 milliseconds
Script Module: Unity.RenderPipeline.Universal.ShaderLibrary.dll
Weave sync objects took 0 milliseconds
Weave behaviours and messages took0 milliseconds
Find all reader and writers took 112 milliseconds
Script Module: Mirror.Authenticators.dll
Weave sync objects took 4 milliseconds
[AuthRequestMessage] MessageClassProcessor Start
[AuthRequestMessage]   GenerateSerialization
[AuthRequestMessage]   GenerateDeserialization
[AuthRequestMessage] MessageClassProcessor Done
[AuthResponseMessage] MessageClassProcessor Start
[AuthResponseMessage]   GenerateSerialization
[AuthResponseMessage]   GenerateDeserialization
[AuthResponseMessage] MessageClassProcessor Done
Weave behaviours and messages took5 milliseconds
  ProcessSitesModule Mirror.Authenticators.dll elapsed time:00:00:00
Find all reader and writers took 109 milliseconds
Script Module: Unity.RenderPipelines.Universal.Shaders.dll
Weave sync objects took 0 milliseconds
Weave behaviours and messages took0 milliseconds
Find all reader and writers took 110 milliseconds
Script Module: Unity.RenderPipelines.ShaderGraph.ShaderGraphLibrary.dll
Weave sync objects took 0 milliseconds
Weave behaviours and messages took0 milliseconds
Find all reader and writers took 108 milliseconds
Script Module: com.unity.cinemachine.editor.dll
Weave sync objects took 13 milliseconds
Weave behaviours and messages took14 milliseconds
Find all reader and writers took 140 milliseconds
Script Module: UnityEditor.TestRunner.dll
Weave sync objects took 32 milliseconds
Weave behaviours and messages took33 milliseconds
Find all reader and writers took 108 milliseconds
Script Module: PsdPlugin.dll
Weave sync objects took 0 milliseconds
Weave behaviours and messages took0 milliseconds
Find all reader and writers took 118 milliseconds
Script Module: Mirror.CompilerSymbols.dll
Weave sync objects took 0 milliseconds
Weave behaviours and messages took0 milliseconds
Find all reader and writers took 109 milliseconds
Script Module: UnityEditor.UI.dll
Weave sync objects took 23 milliseconds
Weave behaviours and messages took23 milliseconds
Find all reader and writers took 136 milliseconds
Script Module: Unity.InternalAPIEditorBridge.001.dll
Weave sync objects took 26 milliseconds
Weave behaviours and messages took26 milliseconds
Find all reader and writers took 113 milliseconds
Script Module: Unity.ShaderGraph.Utilities.dll
Weave sync objects took 0 milliseconds
Weave behaviours and messages took0 milliseconds
Mono: successfully reloaded assembly
- Completed reload, in 10.145 seconds
Platform modules already initialized, skipping
========================================================================
Worker process is ready to serve import requests
Shader 'Universal Render Pipeline/Particles/Lit': fallback shader 'Universal Render Pipeline/Particles/SimpleLit' not found
Launched and connected shader compiler UnityShaderCompiler.exe after 0.04 seconds
Refreshing native plugins compatible for Editor in 0.98 ms, found 1 plugins.
Preloading 0 native plugins for Editor in 0.00 ms.
Unloading 3205 Unused Serialized files (Serialized files now loaded: 0)
System memory in use before: 136.3 MB.
System memory in use after: 136.5 MB.

Unloading 26 unused Assets to reduce memory usage. Loaded Objects now: 3651.
Total: 9.747500 ms (FindLiveObjects: 0.545300 ms CreateObjectMapping: 0.262900 ms MarkObjects: 8.818400 ms  DeleteObjects: 0.118600 ms)

========================================================================
Received Import Request.
  path: Assets/Sprites/Cards/arte-3.jpg
  artifactKey: Guid(ba772bd153bf79f4b8f471f360ae12b1) Importer(815301076,1909f56bfc062723c751e8b465ee728b)
Start importing Assets/Sprites/Cards/arte-3.jpg using Guid(ba772bd153bf79f4b8f471f360ae12b1) Importer(815301076,1909f56bfc062723c751e8b465ee728b)  -> (artifact id: 'cc05e1c80f03cccc4d713bab65c638a9') in 0.222387 seconds
  Import took 0.232860 seconds .

========================================================================
Received Import Request.
  Time since last request: 0.000273 seconds.
  path: Assets/Sprites/Cards/quest-2.jpg
  artifactKey: Guid(68731568d7306ba4491c663b14a12385) Importer(815301076,1909f56bfc062723c751e8b465ee728b)
Start importing Assets/Sprites/Cards/quest-2.jpg using Guid(68731568d7306ba4491c663b14a12385) Importer(815301076,1909f56bfc062723c751e8b465ee728b)  -> (artifact id: '7980d880cc0d91bd7b4ebd7155f4c8b6') in 0.027542 seconds
  Import took 0.036884 seconds .

========================================================================
Received Import Request.
  Time since last request: 0.000301 seconds.
  path: Assets/Sprites/Cards/quest-8.jpg
  artifactKey: Guid(01e2b0d810e8ce54192a5daeb9a80d0d) Importer(815301076,1909f56bfc062723c751e8b465ee728b)
Start importing Assets/Sprites/Cards/quest-8.jpg using Guid(01e2b0d810e8ce54192a5daeb9a80d0d) Importer(815301076,1909f56bfc062723c751e8b465ee728b)  -> (artifact id: 'aef00b718286681eeefe6c132f2e044d') in 0.025009 seconds
  Import took 0.034828 seconds .

========================================================================
Received Import Request.
  Time since last request: 0.000216 seconds.
  path: Assets/Sprites/Cards/equip-1.jpg
  artifactKey: Guid(975851bd17dec15488c4515cb897c8f6) Importer(815301076,1909f56bfc062723c751e8b465ee728b)
Start importing Assets/Sprites/Cards/equip-1.jpg using Guid(975851bd17dec15488c4515cb897c8f6) Importer(815301076,1909f56bfc062723c751e8b465ee728b)  -> (artifact id: '43e7a959bdb306b44d6b672af2eb07a5') in 0.026585 seconds
  Import took 0.042981 seconds .

========================================================================
Received Import Request.
  Time since last request: 0.000221 seconds.
  path: Assets/Sprites/Cards/20.jpg
  artifactKey: Guid(cc0948764b853d54b9283212a220fa1d) Importer(815301076,1909f56bfc062723c751e8b465ee728b)
Start importing Assets/Sprites/Cards/20.jpg using Guid(cc0948764b853d54b9283212a220fa1d) Importer(815301076,1909f56bfc062723c751e8b465ee728b)  -> (artifact id: '01a3cf1160e6095843eb0e44f6769118') in 0.030283 seconds
  Import took 0.041840 seconds .

========================================================================
Received Import Request.
  Time since last request: 0.000266 seconds.
  path: Assets/Sprites/Cards/equip-4.jpg
  artifactKey: Guid(ca15d8815b57d2142bbb5384dffd9fe0) Importer(815301076,1909f56bfc062723c751e8b465ee728b)
Start importing Assets/Sprites/Cards/equip-4.jpg using Guid(ca15d8815b57d2142bbb5384dffd9fe0) Importer(815301076,1909f56bfc062723c751e8b465ee728b)  -> (artifact id: '207df07b815e702e1ff88fd8f5e5bed7') in 0.028530 seconds
  Import took 0.039143 seconds .

========================================================================
Received Import Request.
  Time since last request: 0.000402 seconds.
  path: Assets/Sprites/Cards/21.jpg
  artifactKey: Guid(1c3c1af4c67f3634e8172c608184d5f5) Importer(815301076,1909f56bfc062723c751e8b465ee728b)
Start importing Assets/Sprites/Cards/21.jpg using Guid(1c3c1af4c67f3634e8172c608184d5f5) Importer(815301076,1909f56bfc062723c751e8b465ee728b)  -> (artifact id: 'fa6ac66ddfbbf2d7a6ff312beb4e6746') in 0.026675 seconds
  Import took 0.037521 seconds .

========================================================================
Received Import Request.
  Time since last request: 0.000432 seconds.
  path: Assets/Sprites/Cards/arte-6.jpg
  artifactKey: Guid(a74c18f735af0494bb1f6f516dbd1575) Importer(815301076,1909f56bfc062723c751e8b465ee728b)
Start importing Assets/Sprites/Cards/arte-6.jpg using Guid(a74c18f735af0494bb1f6f516dbd1575) Importer(815301076,1909f56bfc062723c751e8b465ee728b)  -> (artifact id: 'c44332ae24b29dce463a72ca09882e11') in 0.024536 seconds
  Import took 0.035255 seconds .

========================================================================
Received Import Request.
  Time since last request: 0.000234 seconds.
  path: Assets/Sprites/Cards/quest-5.jpg
  artifactKey: Guid(0cea411c449763b40a903f6f5b4cd018) Importer(815301076,1909f56bfc062723c751e8b465ee728b)
Start importing Assets/Sprites/Cards/quest-5.jpg using Guid(0cea411c449763b40a903f6f5b4cd018) Importer(815301076,1909f56bfc062723c751e8b465ee728b)  -> (artifact id: 'c54a0b68ad0c8f68f1776e7f4aecb6af') in 0.024102 seconds
  Import took 0.032298 seconds .

========================================================================
Received Import Request.
  Time since last request: 0.000219 seconds.
  path: Assets/Sprites/Cards/quest-7.jpg
  artifactKey: Guid(f70175d82f6daf44683845e8a7158e8c) Importer(815301076,1909f56bfc062723c751e8b465ee728b)
Start importing Assets/Sprites/Cards/quest-7.jpg using Guid(f70175d82f6daf44683845e8a7158e8c) Importer(815301076,1909f56bfc062723c751e8b465ee728b)  -> (artifact id: 'cc4b0a28d51ac37c0190d575fee0f774') in 0.020765 seconds
  Import took 0.028023 seconds .

========================================================================
Received Import Request.
  Time since last request: 0.000211 seconds.
  path: Assets/Sprites/Cards/equip-3.jpg
  artifactKey: Guid(c58b7712e7f6a8d4eadd9e74d53c01eb) Importer(815301076,1909f56bfc062723c751e8b465ee728b)
Start importing Assets/Sprites/Cards/equip-3.jpg using Guid(c58b7712e7f6a8d4eadd9e74d53c01eb) Importer(815301076,1909f56bfc062723c751e8b465ee728b)  -> (artifact id: '650f687785aa4a608515cc163df26241') in 0.023507 seconds
  Import took 0.033099 seconds .

========================================================================
Received Import Request.
  Time since last request: 0.000229 seconds.
  path: Assets/Sprites/Cards/quest-6.jpg
  artifactKey: Guid(a84cff1991d800a4d8b32ef97bf8ef29) Importer(815301076,1909f56bfc062723c751e8b465ee728b)
Start importing Assets/Sprites/Cards/quest-6.jpg using Guid(a84cff1991d800a4d8b32ef97bf8ef29) Importer(815301076,1909f56bfc062723c751e8b465ee728b)  -> (artifact id: '82de4996668476496be167cc82cab5e3') in 0.024019 seconds
  Import took 0.032677 seconds .

========================================================================
Received Import Request.
  Time since last request: 0.000208 seconds.
  path: Assets/Sprites/Cards/19.jpg
  artifactKey: Guid(60d41b24ba4c7c447a50f7e514d2207c) Importer(815301076,1909f56bfc062723c751e8b465ee728b)
Start importing Assets/Sprites/Cards/19.jpg using Guid(60d41b24ba4c7c447a50f7e514d2207c) Importer(815301076,1909f56bfc062723c751e8b465ee728b)  -> (artifact id: '74504ba4ad518b28f869d1e48b25782d') in 0.022964 seconds
  Import took 0.033809 seconds .

========================================================================
Received Import Request.
  Time since last request: 0.000207 seconds.
  path: Assets/Sprites/Cards/arte-1.jpg
  artifactKey: Guid(8e1fceafd02571f4f88c7f14b547414e) Importer(815301076,1909f56bfc062723c751e8b465ee728b)
Start importing Assets/Sprites/Cards/arte-1.jpg using Guid(8e1fceafd02571f4f88c7f14b547414e) Importer(815301076,1909f56bfc062723c751e8b465ee728b)  -> (artifact id: '2c270e3629f289b9cf8ceb2ddce7a1e6') in 0.024294 seconds
  Import took 0.033374 seconds .

========================================================================
Received Import Request.
  Time since last request: 0.000883 seconds.
  path: Assets/Sprites/Cards/equip-2.jpg
  artifactKey: Guid(ef0325fd6b9880640813770b2a1f0f3c) Importer(815301076,1909f56bfc062723c751e8b465ee728b)
Start importing Assets/Sprites/Cards/equip-2.jpg using Guid(ef0325fd6b9880640813770b2a1f0f3c) Importer(815301076,1909f56bfc062723c751e8b465ee728b)  -> (artifact id: '8d688d91403d227fac26810c415c75a9') in 0.023532 seconds
  Import took 0.033932 seconds .

========================================================================
Received Import Request.
  Time since last request: 0.000274 seconds.
  path: Assets/Sprites/Cards/quest-1.jpg
  artifactKey: Guid(612387089b6c506469cb63188f200996) Importer(815301076,1909f56bfc062723c751e8b465ee728b)
Start importing Assets/Sprites/Cards/quest-1.jpg using Guid(612387089b6c506469cb63188f200996) Importer(815301076,1909f56bfc062723c751e8b465ee728b)  -> (artifact id: '7a0fc788e85272857ccb71b2d439ff28') in 0.023722 seconds
  Import took 0.032514 seconds .

========================================================================
Received Import Request.
  Time since last request: 0.000237 seconds.
  path: Assets/Sprites/Cards/arte-2.jpg
  artifactKey: Guid(31947894f89c94241a544ed1db978020) Importer(815301076,1909f56bfc062723c751e8b465ee728b)
Start importing Assets/Sprites/Cards/arte-2.jpg using Guid(31947894f89c94241a544ed1db978020) Importer(815301076,1909f56bfc062723c751e8b465ee728b)  -> (artifact id: 'da981a0e40b40eb3103143004f337022') in 0.018636 seconds
  Import took 0.027203 seconds .

========================================================================
Received Import Request.
  Time since last request: 0.000290 seconds.
  path: Assets/Sprites/Cards/arte-4.jpg
  artifactKey: Guid(1f9a784530369874b886a594fa99049f) Importer(815301076,1909f56bfc062723c751e8b465ee728b)
Start importing Assets/Sprites/Cards/arte-4.jpg using Guid(1f9a784530369874b886a594fa99049f) Importer(815301076,1909f56bfc062723c751e8b465ee728b)  -> (artifact id: '8888a12e91a4897192d8daa5cd3bf132') in 0.027296 seconds
  Import took 0.037286 seconds .

========================================================================
Received Import Request.
  Time since last request: 0.000742 seconds.
  path: Assets/Sprites/Cards/arte-5.jpg
  artifactKey: Guid(4854b82481aa01647962f760013ea7d5) Importer(815301076,1909f56bfc062723c751e8b465ee728b)
Start importing Assets/Sprites/Cards/arte-5.jpg using Guid(4854b82481aa01647962f760013ea7d5) Importer(815301076,1909f56bfc062723c751e8b465ee728b)  -> (artifact id: '15e551999509a3280afbb783125c5ae6') in 0.028936 seconds
  Import took 0.037671 seconds .

========================================================================
Received Import Request.
  Time since last request: 0.000208 seconds.
  path: Assets/Sprites/Cards/quest-4.jpg
  artifactKey: Guid(4cbc11d246444ca498558ec1d329279d) Importer(815301076,1909f56bfc062723c751e8b465ee728b)
Start importing Assets/Sprites/Cards/quest-4.jpg using Guid(4cbc11d246444ca498558ec1d329279d) Importer(815301076,1909f56bfc062723c751e8b465ee728b)  -> (artifact id: '3e2f3c8eb820a42b24aa6cc6520af467') in 0.022501 seconds
  Import took 0.031909 seconds .

========================================================================
Received Import Request.
  Time since last request: 0.000216 seconds.
  path: Assets/Sprites/Cards/quest-9.jpg
  artifactKey: Guid(705a7e632f2d484448adba99d1ba2605) Importer(815301076,1909f56bfc062723c751e8b465ee728b)
Start importing Assets/Sprites/Cards/quest-9.jpg using Guid(705a7e632f2d484448adba99d1ba2605) Importer(815301076,1909f56bfc062723c751e8b465ee728b)  -> (artifact id: 'eab7f4e67e47ddb2162f00936a2a1865') in 0.031883 seconds
  Import took 0.040687 seconds .

========================================================================
Received Import Request.
  Time since last request: 79.038790 seconds.
  path: Assets/Sprites/Cards/arte-1.jpg
  artifactKey: Guid(8e1fceafd02571f4f88c7f14b547414e) Importer(815301076,1909f56bfc062723c751e8b465ee728b)
Start importing Assets/Sprites/Cards/arte-1.jpg using Guid(8e1fceafd02571f4f88c7f14b547414e) Importer(815301076,1909f56bfc062723c751e8b465ee728b)  -> (artifact id: '2c4c3e1833cdeb1fb0ce75238eea7864') in 0.041952 seconds
  Import took 0.050284 seconds .

========================================================================
Received Import Request.
  Time since last request: 0.000225 seconds.
  path: Assets/Sprites/Cards/arte-3.jpg
  artifactKey: Guid(ba772bd153bf79f4b8f471f360ae12b1) Importer(815301076,1909f56bfc062723c751e8b465ee728b)
Start importing Assets/Sprites/Cards/arte-3.jpg using Guid(ba772bd153bf79f4b8f471f360ae12b1) Importer(815301076,1909f56bfc062723c751e8b465ee728b)  -> (artifact id: '392ed2e9eeb773fb1c01b2af1bc7ecea') in 0.021868 seconds
  Import took 0.029262 seconds .

========================================================================
Received Import Request.
  Time since last request: 0.000239 seconds.
  path: Assets/Sprites/Cards/quest-2.jpg
  artifactKey: Guid(68731568d7306ba4491c663b14a12385) Importer(815301076,1909f56bfc062723c751e8b465ee728b)
Start importing Assets/Sprites/Cards/quest-2.jpg using Guid(68731568d7306ba4491c663b14a12385) Importer(815301076,1909f56bfc062723c751e8b465ee728b)  -> (artifact id: '244d30ef2f4ee2f00153b836e36de61e') in 0.024081 seconds
  Import took 0.034519 seconds .

========================================================================
Received Import Request.
  Time since last request: 0.000252 seconds.
  path: Assets/Sprites/Cards/quest-8.jpg
  artifactKey: Guid(01e2b0d810e8ce54192a5daeb9a80d0d) Importer(815301076,1909f56bfc062723c751e8b465ee728b)
Start importing Assets/Sprites/Cards/quest-8.jpg using Guid(01e2b0d810e8ce54192a5daeb9a80d0d) Importer(815301076,1909f56bfc062723c751e8b465ee728b)  -> (artifact id: 'c6d14e11d509c98b2b03d8d319dca3a2') in 0.023941 seconds
  Import took 0.032863 seconds .

========================================================================
Received Import Request.
  Time since last request: 0.000227 seconds.
  path: Assets/Sprites/Cards/equip-1.jpg
  artifactKey: Guid(975851bd17dec15488c4515cb897c8f6) Importer(815301076,1909f56bfc062723c751e8b465ee728b)
Start importing Assets/Sprites/Cards/equip-1.jpg using Guid(975851bd17dec15488c4515cb897c8f6) Importer(815301076,1909f56bfc062723c751e8b465ee728b)  -> (artifact id: '3c571268e8a0c3ec73f2d2a9c0d6cb30') in 0.262598 seconds
  Import took 0.273046 seconds .

========================================================================
Received Import Request.
  Time since last request: 0.000507 seconds.
  path: Assets/Sprites/Cards/20.jpg
  artifactKey: Guid(cc0948764b853d54b9283212a220fa1d) Importer(815301076,1909f56bfc062723c751e8b465ee728b)
Start importing Assets/Sprites/Cards/20.jpg using Guid(cc0948764b853d54b9283212a220fa1d) Importer(815301076,1909f56bfc062723c751e8b465ee728b)  -> (artifact id: '4d344550403eecb74f954f70f79cea57') in 0.031270 seconds
  Import took 0.044738 seconds .

========================================================================
Received Import Request.
  Time since last request: 0.000234 seconds.
  path: Assets/Sprites/Cards/equip-4.jpg
  artifactKey: Guid(ca15d8815b57d2142bbb5384dffd9fe0) Importer(815301076,1909f56bfc062723c751e8b465ee728b)
Start importing Assets/Sprites/Cards/equip-4.jpg using Guid(ca15d8815b57d2142bbb5384dffd9fe0) Importer(815301076,1909f56bfc062723c751e8b465ee728b)  -> (artifact id: '2ae635903571929cdfe83925aae6fda2') in 0.386805 seconds
  Import took 0.402727 seconds .

========================================================================
Received Import Request.
  Time since last request: 0.000447 seconds.
  path: Assets/Sprites/Cards/21.jpg
  artifactKey: Guid(1c3c1af4c67f3634e8172c608184d5f5) Importer(815301076,1909f56bfc062723c751e8b465ee728b)
Start importing Assets/Sprites/Cards/21.jpg using Guid(1c3c1af4c67f3634e8172c608184d5f5) Importer(815301076,1909f56bfc062723c751e8b465ee728b)  -> (artifact id: 'ff5ba1ff4a1d44d24ee33f7e743b0dee') in 0.023888 seconds
  Import took 0.033985 seconds .

========================================================================
Received Import Request.
  Time since last request: 0.000334 seconds.
  path: Assets/Sprites/Cards/arte-6.jpg
  artifactKey: Guid(a74c18f735af0494bb1f6f516dbd1575) Importer(815301076,1909f56bfc062723c751e8b465ee728b)
Start importing Assets/Sprites/Cards/arte-6.jpg using Guid(a74c18f735af0494bb1f6f516dbd1575) Importer(815301076,1909f56bfc062723c751e8b465ee728b)  -> (artifact id: '94e95f49ce97e9d94998583f99eef413') in 0.095246 seconds
  Import took 0.155991 seconds .

========================================================================
Received Import Request.
  Time since last request: 0.000587 seconds.
  path: Assets/Sprites/Cards/quest-5.jpg
  artifactKey: Guid(0cea411c449763b40a903f6f5b4cd018) Importer(815301076,1909f56bfc062723c751e8b465ee728b)
Start importing Assets/Sprites/Cards/quest-5.jpg using Guid(0cea411c449763b40a903f6f5b4cd018) Importer(815301076,1909f56bfc062723c751e8b465ee728b)  -> (artifact id: '4a2aea8a8beb14c5958346916430fe11') in 0.036109 seconds
  Import took 0.052418 seconds .

========================================================================
Received Import Request.
  Time since last request: 0.000241 seconds.
  path: Assets/Sprites/Cards/quest-7.jpg
  artifactKey: Guid(f70175d82f6daf44683845e8a7158e8c) Importer(815301076,1909f56bfc062723c751e8b465ee728b)
Start importing Assets/Sprites/Cards/quest-7.jpg using Guid(f70175d82f6daf44683845e8a7158e8c) Importer(815301076,1909f56bfc062723c751e8b465ee728b)  -> (artifact id: '328faaee2c93969f233ddf915fa8fdb7') in 0.021794 seconds
  Import took 0.031502 seconds .

========================================================================
Received Import Request.
  Time since last request: 0.000225 seconds.
  path: Assets/Sprites/Cards/equip-3.jpg
  artifactKey: Guid(c58b7712e7f6a8d4eadd9e74d53c01eb) Importer(815301076,1909f56bfc062723c751e8b465ee728b)
Start importing Assets/Sprites/Cards/equip-3.jpg using Guid(c58b7712e7f6a8d4eadd9e74d53c01eb) Importer(815301076,1909f56bfc062723c751e8b465ee728b)  -> (artifact id: '71ff53a346f29bf62e176a2ea0839c1a') in 0.024091 seconds
  Import took 0.033600 seconds .

========================================================================
Received Import Request.
  Time since last request: 0.000214 seconds.
  path: Assets/Sprites/Cards/quest-6.jpg
  artifactKey: Guid(a84cff1991d800a4d8b32ef97bf8ef29) Importer(815301076,1909f56bfc062723c751e8b465ee728b)
Start importing Assets/Sprites/Cards/quest-6.jpg using Guid(a84cff1991d800a4d8b32ef97bf8ef29) Importer(815301076,1909f56bfc062723c751e8b465ee728b)  -> (artifact id: '48d586f4054a31a48835d23706f610a7') in 0.021704 seconds
  Import took 0.031384 seconds .

========================================================================
Received Import Request.
  Time since last request: 0.000252 seconds.
  path: Assets/Sprites/Cards/19.jpg
  artifactKey: Guid(60d41b24ba4c7c447a50f7e514d2207c) Importer(815301076,1909f56bfc062723c751e8b465ee728b)
Start importing Assets/Sprites/Cards/19.jpg using Guid(60d41b24ba4c7c447a50f7e514d2207c) Importer(815301076,1909f56bfc062723c751e8b465ee728b)  -> (artifact id: '03aeaa8a7394ad3dec899f2be6a6c500') in 0.021100 seconds
  Import took 0.029768 seconds .

========================================================================
Received Import Request.
  Time since last request: 0.000207 seconds.
  path: Assets/Sprites/Cards/equip-2.jpg
  artifactKey: Guid(ef0325fd6b9880640813770b2a1f0f3c) Importer(815301076,1909f56bfc062723c751e8b465ee728b)
Start importing Assets/Sprites/Cards/equip-2.jpg using Guid(ef0325fd6b9880640813770b2a1f0f3c) Importer(815301076,1909f56bfc062723c751e8b465ee728b)  -> (artifact id: '885c7f9ad279df17a51ff0ca75d08323') in 0.023079 seconds
  Import took 0.033738 seconds .

========================================================================
Received Import Request.
  Time since last request: 0.000120 seconds.
  path: Assets/Sprites/Cards/quest-1.jpg
  artifactKey: Guid(612387089b6c506469cb63188f200996) Importer(815301076,1909f56bfc062723c751e8b465ee728b)
Start importing Assets/Sprites/Cards/quest-1.jpg using Guid(612387089b6c506469cb63188f200996) Importer(815301076,1909f56bfc062723c751e8b465ee728b)  -> (artifact id: '11e038fae0373decfc804d88e6264c69') in 0.021103 seconds
  Import took 0.031739 seconds .

========================================================================
Received Import Request.
  Time since last request: 0.000569 seconds.
  path: Assets/Sprites/Cards/arte-2.jpg
  artifactKey: Guid(31947894f89c94241a544ed1db978020) Importer(815301076,1909f56bfc062723c751e8b465ee728b)
Start importing Assets/Sprites/Cards/arte-2.jpg using Guid(31947894f89c94241a544ed1db978020) Importer(815301076,1909f56bfc062723c751e8b465ee728b)  -> (artifact id: '54d5266c2a2bb6d2f7ac227759e27b7c') in 0.021958 seconds
  Import took 0.032056 seconds .

========================================================================
Received Import Request.
  Time since last request: 0.000222 seconds.
  path: Assets/Sprites/Cards/arte-4.jpg
  artifactKey: Guid(1f9a784530369874b886a594fa99049f) Importer(815301076,1909f56bfc062723c751e8b465ee728b)
Start importing Assets/Sprites/Cards/arte-4.jpg using Guid(1f9a784530369874b886a594fa99049f) Importer(815301076,1909f56bfc062723c751e8b465ee728b)  -> (artifact id: 'ac850aa86fe7b66cf01dbcc3c03f98b7') in 0.022172 seconds
  Import took 0.030978 seconds .

========================================================================
Received Import Request.
  Time since last request: 0.000237 seconds.
  path: Assets/Sprites/Cards/arte-5.jpg
  artifactKey: Guid(4854b82481aa01647962f760013ea7d5) Importer(815301076,1909f56bfc062723c751e8b465ee728b)
Start importing Assets/Sprites/Cards/arte-5.jpg using Guid(4854b82481aa01647962f760013ea7d5) Importer(815301076,1909f56bfc062723c751e8b465ee728b)  -> (artifact id: 'b1a534240c82a9f12aff9bee77199018') in 0.019589 seconds
  Import took 0.030586 seconds .

========================================================================
Received Import Request.
  Time since last request: 0.000355 seconds.
  path: Assets/Sprites/Cards/arte-4.jpg
  artifactKey: Guid(1f9a784530369874b886a594fa99049f) Importer(815301076,1909f56bfc062723c751e8b465ee728b)
Start importing Assets/Sprites/Cards/arte-4.jpg using Guid(1f9a784530369874b886a594fa99049f) Importer(815301076,1909f56bfc062723c751e8b465ee728b)  -> (artifact id: 'ac850aa86fe7b66cf01dbcc3c03f98b7') in 0.021678 seconds
  Import took 0.029407 seconds .

========================================================================
Received Import Request.
  Time since last request: 0.000353 seconds.
  path: Assets/Sprites/Cards/arte-5.jpg
  artifactKey: Guid(4854b82481aa01647962f760013ea7d5) Importer(815301076,1909f56bfc062723c751e8b465ee728b)
Start importing Assets/Sprites/Cards/arte-5.jpg using Guid(4854b82481aa01647962f760013ea7d5) Importer(815301076,1909f56bfc062723c751e8b465ee728b)  -> (artifact id: 'b1a534240c82a9f12aff9bee77199018') in 0.020519 seconds
  Import took 0.028791 seconds .

========================================================================
Received Import Request.
  Time since last request: 0.000233 seconds.
  path: Assets/Sprites/Cards/quest-4.jpg
  artifactKey: Guid(4cbc11d246444ca498558ec1d329279d) Importer(815301076,1909f56bfc062723c751e8b465ee728b)
Start importing Assets/Sprites/Cards/quest-4.jpg using Guid(4cbc11d246444ca498558ec1d329279d) Importer(815301076,1909f56bfc062723c751e8b465ee728b)  -> (artifact id: '028370ae02710a475998e24bcd82c1a9') in 0.018079 seconds
  Import took 0.027901 seconds .

========================================================================
Received Import Request.
  Time since last request: 0.000293 seconds.
  path: Assets/Sprites/Cards/quest-9.jpg
  artifactKey: Guid(705a7e632f2d484448adba99d1ba2605) Importer(815301076,1909f56bfc062723c751e8b465ee728b)
Start importing Assets/Sprites/Cards/quest-9.jpg using Guid(705a7e632f2d484448adba99d1ba2605) Importer(815301076,1909f56bfc062723c751e8b465ee728b)  -> (artifact id: '4b7680c725d1d95dcdb83b596c7c1dba') in 0.021202 seconds
  Import took 0.029208 seconds .

AssetImportWorkerClient::OnTransportError - code=2 error=End of file
