Using pre-set license
Built from '2020.2/staging' branch; Version is '2020.2.6f1 (8a2143876886) revision 9052483'; Using compiler version '192528614'; Build Type 'Release'
OS: 'Windows 10 Pro; OS build 18362.418; Version 1903; 64bit' Language: 'it' Physical Memory: 8151 MB
BatchMode: 1, IsHumanControllingUs: 0, StartBugReporterOnCrash: 0, Is64bit: 1, IsPro: 0

 COMMAND LINE ARGUMENTS:
C:\Program Files\Unity\2020.2.6f1\Editor\Unity.exe
-adb2
-batchMode
-noUpm
-name
AssetImportWorker0
-projectPath
C:/Users/Nikone/Crystalia/Crystalia
-logFile
Logs/AssetImportWorker0.log
-srvPort
56196
Successfully changed project path to: C:/Users/Nikone/Crystalia/Crystalia
C:/Users/Nikone/Crystalia/Crystalia
Using Asset Import Pipeline V2.
Refreshing native plugins compatible for Editor in 49.41 ms, found 1 plugins.
Preloading 0 native plugins for Editor in 0.00 ms.
Initialize engine version: 2020.2.6f1 (8a2143876886)
[Subsystems] Discovering subsystems at path C:/Program Files/Unity/2020.2.6f1/Editor/Data/Resources/UnitySubsystems
[Subsystems] Discovering subsystems at path C:/Users/Nikone/Crystalia/Crystalia/Assets
GfxDevice: creating device client; threaded=0
Direct3D:
    Version:  Direct3D 11.0 [level 11.1]
    Renderer: NVIDIA GeForce GTX 1050 (ID=0x1c81)
    Vendor:   
    VRAM:     1977 MB
    Driver:   27.21.14.5167
Initialize mono
Mono path[0] = 'C:/Program Files/Unity/2020.2.6f1/Editor/Data/Managed'
Mono path[1] = 'C:/Program Files/Unity/2020.2.6f1/Editor/Data/MonoBleedingEdge/lib/mono/unityjit'
Mono config path = 'C:/Program Files/Unity/2020.2.6f1/Editor/Data/MonoBleedingEdge/etc'
Using monoOptions --debugger-agent=transport=dt_socket,embedding=1,server=y,suspend=n,address=127.0.0.1:56708
Begin MonoManager ReloadAssembly
Registering precompiled unity dll's ...
Register platform support module: C:/Program Files/Unity/2020.2.6f1/Editor/Data/PlaybackEngines/WindowsStandaloneSupport/UnityEditor.WindowsStandalone.Extensions.dll
Registered in 0.002796 seconds.
Native extension for WindowsStandalone target not found
Refreshing native plugins compatible for Editor in 48.19 ms, found 1 plugins.
Preloading 0 native plugins for Editor in 0.00 ms.
Invoked RoslynAnalysisRunner static constructor.
RoslynAnalysisRunner will not be running.
RoslynAnalysisRunner has terminated.
Mono: successfully reloaded assembly
- Completed reload, in  4.314 seconds
Platform modules already initialized, skipping
Registering precompiled user dll's ...
Registered in 0.004245 seconds.
Begin MonoManager ReloadAssembly
Native extension for WindowsStandalone target not found
Refreshing native plugins compatible for Editor in 42.00 ms, found 1 plugins.
Preloading 0 native plugins for Editor in 0.00 ms.
Invoked RoslynAnalysisRunner static constructor.
RoslynAnalysisRunner will not be running.
RoslynAnalysisRunner has terminated.
Find all reader and writers took 99 milliseconds
Script Module: UnityEngine.TestRunner.dll
Weave sync objects took 10 milliseconds
Weave behaviours and messages took17 milliseconds
Find all reader and writers took 95 milliseconds
Script Module: Unity.Mathematics.dll
Weave sync objects took 4 milliseconds
Weave behaviours and messages took4 milliseconds
Find all reader and writers took 86 milliseconds
Script Module: Unity.2D.Animation.Triangle.Runtime.dll
Weave sync objects took 0 milliseconds
Weave behaviours and messages took0 milliseconds
Find all reader and writers took 84 milliseconds
Script Module: Unity.Timeline.dll
Weave sync objects took 4 milliseconds
Weave behaviours and messages took8 milliseconds
Find all reader and writers took 88 milliseconds
Script Module: UnityEngine.UI.dll
Weave sync objects took 5 milliseconds
Weave behaviours and messages took16 milliseconds
Find all reader and writers took 86 milliseconds
Script Module: Cinemachine.dll
Weave sync objects took 8 milliseconds
Weave behaviours and messages took14 milliseconds
Find all reader and writers took 90 milliseconds
Script Module: Mirror.Components.dll
Weave sync objects took 4 milliseconds
[NetworkVisibility] Found NetworkBehaviour Mirror.NetworkVisibility
[NetworkVisibility] NetworkBehaviourProcessor
[NetworkVisibility] Process Start
[NetworkVisibility]   GenerateSerialization
[NetworkVisibility]   GenerateDeSerialization
[NetworkVisibility] Process Done
[ServerRequest] MessageClassProcessor Start
[ServerRequest]   GenerateSerialization
[ServerRequest]   GenerateDeserialization
[ServerRequest] MessageClassProcessor Done
[ServerResponse] MessageClassProcessor Start
[ServerResponse]   GenerateSerialization
[ServerResponse]   GenerateDeserialization
[ServerResponse] MessageClassProcessor Done
Weave behaviours and messages took27 milliseconds
  ProcessSitesModule Mirror.Components.dll elapsed time:00:00:00.0279249
Find all reader and writers took 108 milliseconds
Script Module: Unity.TextMeshPro.dll
Weave sync objects took 28 milliseconds
Weave behaviours and messages took40 milliseconds
Find all reader and writers took 86 milliseconds
Script Module: Unity.2D.Animation.Runtime.dll
Weave sync objects took 3 milliseconds
Weave behaviours and messages took4 milliseconds
Find all reader and writers took 85 milliseconds
Script Module: Unity.2D.IK.Runtime.dll
Weave sync objects took 3 milliseconds
Weave behaviours and messages took4 milliseconds
Find all reader and writers took 137 milliseconds
Script Module: Ninja.WebSockets.dll
Weave sync objects took 0 milliseconds
Weave behaviours and messages took0 milliseconds
Find all reader and writers took 136 milliseconds
Script Module: Unity.2D.SpriteShape.Runtime.dll
Weave sync objects took 9 milliseconds
Weave behaviours and messages took11 milliseconds
Find all reader and writers took 122 milliseconds
Script Module: Mirror.Authenticators.dll
Weave sync objects took 7 milliseconds
[AuthRequestMessage] MessageClassProcessor Start
[AuthRequestMessage]   GenerateSerialization
[AuthRequestMessage]   GenerateDeserialization
[AuthRequestMessage] MessageClassProcessor Done
[AuthResponseMessage] MessageClassProcessor Start
[AuthResponseMessage]   GenerateSerialization
[AuthResponseMessage]   GenerateDeserialization
[AuthResponseMessage] MessageClassProcessor Done
Weave behaviours and messages took8 milliseconds
  ProcessSitesModule Mirror.Authenticators.dll elapsed time:00:00:00
Find all reader and writers took 131 milliseconds
Script Module: Unity.2D.PixelPerfect.dll
Weave sync objects took 6 milliseconds
Weave behaviours and messages took6 milliseconds
Find all reader and writers took 98 milliseconds
Script Module: Unity.2D.Common.Runtime.dll
Weave sync objects took 0 milliseconds
Weave behaviours and messages took0 milliseconds
Find all reader and writers took 123 milliseconds
Script Module: Unity.InternalAPIEngineBridge.001.dll
Weave sync objects took 0 milliseconds
Weave behaviours and messages took0 milliseconds
Find all reader and writers took 99 milliseconds
Script Module: UnityEditor.TestRunner.dll
Weave sync objects took 343 milliseconds
Weave behaviours and messages took344 milliseconds
Find all reader and writers took 110 milliseconds
Script Module: UnityEditor.UI.dll
Weave sync objects took 16 milliseconds
Weave behaviours and messages took18 milliseconds
Find all reader and writers took 91 milliseconds
Script Module: com.unity.cinemachine.editor.dll
Weave sync objects took 12 milliseconds
Weave behaviours and messages took18 milliseconds
Find all reader and writers took 112 milliseconds
Script Module: PsdPlugin.dll
Weave sync objects took 0 milliseconds
Weave behaviours and messages took0 milliseconds
Find all reader and writers took 109 milliseconds
Script Module: Mirror.CompilerSymbols.dll
Weave sync objects took 0 milliseconds
Weave behaviours and messages took0 milliseconds
Find all reader and writers took 122 milliseconds
Script Module: Unity.InternalAPIEditorBridge.001.dll
Weave sync objects took 21 milliseconds
Weave behaviours and messages took22 milliseconds
Mono: successfully reloaded assembly
- Completed reload, in  9.428 seconds
Platform modules already initialized, skipping
========================================================================
Worker process is ready to serve import requests
Launched and connected shader compiler UnityShaderCompiler.exe after 0.17 seconds
Refreshing native plugins compatible for Editor in 0.83 ms, found 1 plugins.
Preloading 0 native plugins for Editor in 0.00 ms.
Unloading 2103 Unused Serialized files (Serialized files now loaded: 0)
System memory in use before: 94.4 MB.
System memory in use after: 94.5 MB.

Unloading 25 unused Assets to reduce memory usage. Loaded Objects now: 2544.
Total: 10.641200 ms (FindLiveObjects: 0.552100 ms CreateObjectMapping: 0.295200 ms MarkObjects: 9.558400 ms  DeleteObjects: 0.232900 ms)

========================================================================
Received Import Request.
  path: Assets/Traduzioni/it_IT.txt
  artifactKey: Guid(acf6cef3600c91543aaac50e4f8757dd) Importer(815301076,1909f56bfc062723c751e8b465ee728b)
Start importing Assets/Traduzioni/it_IT.txt using Guid(acf6cef3600c91543aaac50e4f8757dd) Importer(815301076,1909f56bfc062723c751e8b465ee728b)  -> (artifact id: 'f760c06d3835cf485325849236396467') in 0.067051 seconds
  Import took 0.073281 seconds .

========================================================================
Received Prepare
Registering precompiled user dll's ...
Registered in 0.003659 seconds.
Begin MonoManager ReloadAssembly
Native extension for WindowsStandalone target not found
Refreshing native plugins compatible for Editor in 0.44 ms, found 1 plugins.
Preloading 0 native plugins for Editor in 0.00 ms.
Invoked RoslynAnalysisRunner static constructor.
RoslynAnalysisRunner will not be running.
RoslynAnalysisRunner has terminated.
Mono: successfully reloaded assembly
- Completed reload, in  1.576 seconds
Platform modules already initialized, skipping
Refreshing native plugins compatible for Editor in 0.45 ms, found 1 plugins.
Preloading 0 native plugins for Editor in 0.00 ms.
Unloading 2092 Unused Serialized files (Serialized files now loaded: 0)
System memory in use before: 94.1 MB.
System memory in use after: 94.2 MB.

Unloading 14 unused Assets to reduce memory usage. Loaded Objects now: 2546.
Total: 2.268200 ms (FindLiveObjects: 0.294200 ms CreateObjectMapping: 0.156400 ms MarkObjects: 1.790200 ms  DeleteObjects: 0.025600 ms)

========================================================================
Received Import Request.
  Time since last request: 527.883329 seconds.
  path: Assets/Scripts/GameLogic/CardHandler.cs
  artifactKey: Guid(f8f9083fd89569642ae8d341a3c60fdd) Importer(815301076,1909f56bfc062723c751e8b465ee728b)
Start importing Assets/Scripts/GameLogic/CardHandler.cs using Guid(f8f9083fd89569642ae8d341a3c60fdd) Importer(815301076,1909f56bfc062723c751e8b465ee728b)  -> (artifact id: '19556d8587e5d2da18ae6ed28cd9ce04') in 0.045089 seconds
  Import took 0.053064 seconds .

========================================================================
Received Prepare
Registering precompiled user dll's ...
Registered in 0.003663 seconds.
Begin MonoManager ReloadAssembly
Native extension for WindowsStandalone target not found
Refreshing native plugins compatible for Editor in 3.61 ms, found 1 plugins.
Preloading 0 native plugins for Editor in 0.00 ms.
Invoked RoslynAnalysisRunner static constructor.
RoslynAnalysisRunner will not be running.
RoslynAnalysisRunner has terminated.
Mono: successfully reloaded assembly
- Completed reload, in  1.531 seconds
Platform modules already initialized, skipping
Refreshing native plugins compatible for Editor in 1.28 ms, found 1 plugins.
Preloading 0 native plugins for Editor in 0.00 ms.
Unloading 2093 Unused Serialized files (Serialized files now loaded: 0)
System memory in use before: 94.2 MB.
System memory in use after: 94.3 MB.

Unloading 14 unused Assets to reduce memory usage. Loaded Objects now: 2549.
Total: 3.620600 ms (FindLiveObjects: 0.788900 ms CreateObjectMapping: 0.172900 ms MarkObjects: 2.626500 ms  DeleteObjects: 0.030000 ms)

========================================================================
Received Prepare
Registering precompiled user dll's ...
Registered in 0.003167 seconds.
Begin MonoManager ReloadAssembly
Native extension for WindowsStandalone target not found
Refreshing native plugins compatible for Editor in 0.87 ms, found 1 plugins.
Preloading 0 native plugins for Editor in 0.00 ms.
Invoked RoslynAnalysisRunner static constructor.
RoslynAnalysisRunner will not be running.
RoslynAnalysisRunner has terminated.
Mono: successfully reloaded assembly
- Completed reload, in  1.459 seconds
Platform modules already initialized, skipping
Refreshing native plugins compatible for Editor in 0.49 ms, found 1 plugins.
Preloading 0 native plugins for Editor in 0.00 ms.
Unloading 2093 Unused Serialized files (Serialized files now loaded: 0)
System memory in use before: 94.2 MB.
System memory in use after: 94.3 MB.

Unloading 14 unused Assets to reduce memory usage. Loaded Objects now: 2551.
Total: 3.161300 ms (FindLiveObjects: 0.249400 ms CreateObjectMapping: 0.111600 ms MarkObjects: 2.767200 ms  DeleteObjects: 0.031300 ms)

========================================================================
Received Prepare
Registering precompiled user dll's ...
Registered in 0.004631 seconds.
Begin MonoManager ReloadAssembly
Native extension for WindowsStandalone target not found
Refreshing native plugins compatible for Editor in 0.49 ms, found 1 plugins.
Preloading 0 native plugins for Editor in 0.00 ms.
Invoked RoslynAnalysisRunner static constructor.
RoslynAnalysisRunner will not be running.
RoslynAnalysisRunner has terminated.
Mono: successfully reloaded assembly
- Completed reload, in  0.983 seconds
Platform modules already initialized, skipping
Refreshing native plugins compatible for Editor in 0.77 ms, found 1 plugins.
Preloading 0 native plugins for Editor in 0.00 ms.
Unloading 2093 Unused Serialized files (Serialized files now loaded: 0)
System memory in use before: 94.2 MB.
System memory in use after: 94.3 MB.

Unloading 14 unused Assets to reduce memory usage. Loaded Objects now: 2553.
Total: 2.175600 ms (FindLiveObjects: 0.247400 ms CreateObjectMapping: 0.113200 ms MarkObjects: 1.784400 ms  DeleteObjects: 0.028900 ms)

========================================================================
Received Import Request.
  Time since last request: 3690.133350 seconds.
  path: Assets/Cards
  artifactKey: Guid(a4b9db0047f579f45a35f9f135ba76b1) Importer(815301076,1909f56bfc062723c751e8b465ee728b)
Start importing Assets/Cards using Guid(a4b9db0047f579f45a35f9f135ba76b1) Importer(815301076,1909f56bfc062723c751e8b465ee728b)  -> (artifact id: 'c96a919b840e946f40e81f330b2f3e69') in 0.016769 seconds
  Import took 0.022363 seconds .

========================================================================
Received Prepare
Registering precompiled user dll's ...
Registered in 0.006264 seconds.
Begin MonoManager ReloadAssembly
Native extension for WindowsStandalone target not found
Refreshing native plugins compatible for Editor in 0.44 ms, found 1 plugins.
Preloading 0 native plugins for Editor in 0.00 ms.
Invoked RoslynAnalysisRunner static constructor.
RoslynAnalysisRunner will not be running.
RoslynAnalysisRunner has terminated.
Mono: successfully reloaded assembly
- Completed reload, in  1.311 seconds
Platform modules already initialized, skipping
Refreshing native plugins compatible for Editor in 0.50 ms, found 1 plugins.
Preloading 0 native plugins for Editor in 0.00 ms.
Unloading 2093 Unused Serialized files (Serialized files now loaded: 0)
System memory in use before: 94.2 MB.
System memory in use after: 94.3 MB.

Unloading 14 unused Assets to reduce memory usage. Loaded Objects now: 2555.
Total: 2.296400 ms (FindLiveObjects: 0.260600 ms CreateObjectMapping: 0.104300 ms MarkObjects: 1.906200 ms  DeleteObjects: 0.023800 ms)

========================================================================
Received Prepare
Registering precompiled user dll's ...
Registered in 0.003473 seconds.
Begin MonoManager ReloadAssembly
Native extension for WindowsStandalone target not found
Refreshing native plugins compatible for Editor in 0.44 ms, found 1 plugins.
Preloading 0 native plugins for Editor in 0.00 ms.
Invoked RoslynAnalysisRunner static constructor.
RoslynAnalysisRunner will not be running.
RoslynAnalysisRunner has terminated.
Mono: successfully reloaded assembly
- Completed reload, in  1.038 seconds
Platform modules already initialized, skipping
Refreshing native plugins compatible for Editor in 0.43 ms, found 1 plugins.
Preloading 0 native plugins for Editor in 0.00 ms.
Unloading 2093 Unused Serialized files (Serialized files now loaded: 0)
System memory in use before: 94.2 MB.
System memory in use after: 94.4 MB.

Unloading 14 unused Assets to reduce memory usage. Loaded Objects now: 2557.
Total: 2.488500 ms (FindLiveObjects: 0.318600 ms CreateObjectMapping: 0.101400 ms MarkObjects: 2.045600 ms  DeleteObjects: 0.021200 ms)

========================================================================
Received Prepare
Registering precompiled user dll's ...
Registered in 0.005898 seconds.
Begin MonoManager ReloadAssembly
Native extension for WindowsStandalone target not found
Refreshing native plugins compatible for Editor in 0.56 ms, found 1 plugins.
Preloading 0 native plugins for Editor in 0.00 ms.
Invoked RoslynAnalysisRunner static constructor.
RoslynAnalysisRunner will not be running.
RoslynAnalysisRunner has terminated.
Mono: successfully reloaded assembly
- Completed reload, in  1.398 seconds
Platform modules already initialized, skipping
Refreshing native plugins compatible for Editor in 0.70 ms, found 1 plugins.
Preloading 0 native plugins for Editor in 0.00 ms.
Unloading 2093 Unused Serialized files (Serialized files now loaded: 0)
System memory in use before: 94.3 MB.
System memory in use after: 94.4 MB.

Unloading 14 unused Assets to reduce memory usage. Loaded Objects now: 2559.
Total: 2.624800 ms (FindLiveObjects: 0.253900 ms CreateObjectMapping: 0.103600 ms MarkObjects: 2.237800 ms  DeleteObjects: 0.027600 ms)

========================================================================
Received Import Request.
  Time since last request: 305.903354 seconds.
  path: Assets/Cards/Card.asset
  artifactKey: Guid(c60850189164aae4c89274bee8bdfe97) Importer(815301076,1909f56bfc062723c751e8b465ee728b)
Start importing Assets/Cards/Card.asset using Guid(c60850189164aae4c89274bee8bdfe97) Importer(815301076,1909f56bfc062723c751e8b465ee728b)  -> (artifact id: '078e0c4f3cd7533e9778a806896f9626') in 0.480386 seconds
  Import took 0.490246 seconds .

========================================================================
Received Import Request.
  Time since last request: 10.430630 seconds.
  path: Assets/Cards/FuorileggeIdealista.asset
  artifactKey: Guid(c60850189164aae4c89274bee8bdfe97) Importer(815301076,1909f56bfc062723c751e8b465ee728b)
Start importing Assets/Cards/FuorileggeIdealista.asset using Guid(c60850189164aae4c89274bee8bdfe97) Importer(815301076,1909f56bfc062723c751e8b465ee728b)  -> (artifact id: 'cb01854783cc9a91029f852432832751') in 0.024024 seconds
  Import took 0.030260 seconds .

========================================================================
Received Prepare
Registering precompiled user dll's ...
Registered in 0.003919 seconds.
Begin MonoManager ReloadAssembly
Native extension for WindowsStandalone target not found
Refreshing native plugins compatible for Editor in 0.69 ms, found 1 plugins.
Preloading 0 native plugins for Editor in 0.00 ms.
Invoked RoslynAnalysisRunner static constructor.
RoslynAnalysisRunner will not be running.
RoslynAnalysisRunner has terminated.
Mono: successfully reloaded assembly
- Completed reload, in  2.528 seconds
Platform modules already initialized, skipping
Refreshing native plugins compatible for Editor in 0.76 ms, found 1 plugins.
Preloading 0 native plugins for Editor in 0.00 ms.
Unloading 2093 Unused Serialized files (Serialized files now loaded: 0)
System memory in use before: 94.3 MB.
System memory in use after: 94.4 MB.

Unloading 14 unused Assets to reduce memory usage. Loaded Objects now: 2561.
Total: 3.366100 ms (FindLiveObjects: 0.289000 ms CreateObjectMapping: 0.150700 ms MarkObjects: 2.900700 ms  DeleteObjects: 0.023400 ms)

========================================================================
Received Prepare
Registering precompiled user dll's ...
Registered in 0.004652 seconds.
Begin MonoManager ReloadAssembly
Native extension for WindowsStandalone target not found
Refreshing native plugins compatible for Editor in 0.46 ms, found 1 plugins.
Preloading 0 native plugins for Editor in 0.00 ms.
Invoked RoslynAnalysisRunner static constructor.
RoslynAnalysisRunner will not be running.
RoslynAnalysisRunner has terminated.
Mono: successfully reloaded assembly
- Completed reload, in  1.611 seconds
Platform modules already initialized, skipping
Refreshing native plugins compatible for Editor in 0.56 ms, found 1 plugins.
Preloading 0 native plugins for Editor in 0.00 ms.
Unloading 2093 Unused Serialized files (Serialized files now loaded: 0)
System memory in use before: 94.3 MB.
System memory in use after: 94.4 MB.

Unloading 14 unused Assets to reduce memory usage. Loaded Objects now: 2563.
Total: 2.782400 ms (FindLiveObjects: 0.469000 ms CreateObjectMapping: 0.168100 ms MarkObjects: 2.110500 ms  DeleteObjects: 0.031700 ms)

========================================================================
Received Prepare
Registering precompiled user dll's ...
Registered in 0.006015 seconds.
Begin MonoManager ReloadAssembly
Native extension for WindowsStandalone target not found
Refreshing native plugins compatible for Editor in 0.57 ms, found 1 plugins.
Preloading 0 native plugins for Editor in 0.00 ms.
Invoked RoslynAnalysisRunner static constructor.
RoslynAnalysisRunner will not be running.
RoslynAnalysisRunner has terminated.
Mono: successfully reloaded assembly
- Completed reload, in  1.601 seconds
Platform modules already initialized, skipping
Refreshing native plugins compatible for Editor in 0.47 ms, found 1 plugins.
Preloading 0 native plugins for Editor in 0.00 ms.
Unloading 2093 Unused Serialized files (Serialized files now loaded: 0)
System memory in use before: 94.3 MB.
System memory in use after: 94.4 MB.

Unloading 14 unused Assets to reduce memory usage. Loaded Objects now: 2565.
Total: 3.303000 ms (FindLiveObjects: 0.382500 ms CreateObjectMapping: 0.137700 ms MarkObjects: 2.727000 ms  DeleteObjects: 0.052900 ms)

========================================================================
Received Prepare
Registering precompiled user dll's ...
Registered in 0.003450 seconds.
Begin MonoManager ReloadAssembly
Native extension for WindowsStandalone target not found
Refreshing native plugins compatible for Editor in 0.46 ms, found 1 plugins.
Preloading 0 native plugins for Editor in 0.00 ms.
Invoked RoslynAnalysisRunner static constructor.
RoslynAnalysisRunner will not be running.
RoslynAnalysisRunner has terminated.
Mono: successfully reloaded assembly
- Completed reload, in  1.433 seconds
Platform modules already initialized, skipping
Refreshing native plugins compatible for Editor in 0.56 ms, found 1 plugins.
Preloading 0 native plugins for Editor in 0.00 ms.
Unloading 2093 Unused Serialized files (Serialized files now loaded: 0)
System memory in use before: 94.3 MB.
System memory in use after: 94.4 MB.

Unloading 14 unused Assets to reduce memory usage. Loaded Objects now: 2567.
Total: 3.064800 ms (FindLiveObjects: 0.712300 ms CreateObjectMapping: 0.125300 ms MarkObjects: 2.200200 ms  DeleteObjects: 0.023100 ms)

========================================================================
Received Prepare
Registering precompiled user dll's ...
Registered in 0.005001 seconds.
Begin MonoManager ReloadAssembly
Native extension for WindowsStandalone target not found
Refreshing native plugins compatible for Editor in 0.46 ms, found 1 plugins.
Preloading 0 native plugins for Editor in 0.00 ms.
Invoked RoslynAnalysisRunner static constructor.
RoslynAnalysisRunner will not be running.
RoslynAnalysisRunner has terminated.
Mono: successfully reloaded assembly
- Completed reload, in  1.401 seconds
Platform modules already initialized, skipping
Refreshing native plugins compatible for Editor in 0.43 ms, found 1 plugins.
Preloading 0 native plugins for Editor in 0.00 ms.
Unloading 2093 Unused Serialized files (Serialized files now loaded: 0)
System memory in use before: 94.3 MB.
System memory in use after: 94.4 MB.

Unloading 14 unused Assets to reduce memory usage. Loaded Objects now: 2569.
Total: 2.327400 ms (FindLiveObjects: 0.259700 ms CreateObjectMapping: 0.091400 ms MarkObjects: 1.951900 ms  DeleteObjects: 0.021600 ms)

========================================================================
Received Prepare
Registering precompiled user dll's ...
Registered in 0.004787 seconds.
Begin MonoManager ReloadAssembly
Native extension for WindowsStandalone target not found
Refreshing native plugins compatible for Editor in 0.44 ms, found 1 plugins.
Preloading 0 native plugins for Editor in 0.00 ms.
Invoked RoslynAnalysisRunner static constructor.
RoslynAnalysisRunner will not be running.
RoslynAnalysisRunner has terminated.
Mono: successfully reloaded assembly
- Completed reload, in  1.492 seconds
Platform modules already initialized, skipping
Refreshing native plugins compatible for Editor in 0.79 ms, found 1 plugins.
Preloading 0 native plugins for Editor in 0.00 ms.
Unloading 2093 Unused Serialized files (Serialized files now loaded: 0)
System memory in use before: 94.3 MB.
System memory in use after: 94.4 MB.

Unloading 14 unused Assets to reduce memory usage. Loaded Objects now: 2571.
Total: 2.675100 ms (FindLiveObjects: 0.396300 ms CreateObjectMapping: 0.146200 ms MarkObjects: 2.103100 ms  DeleteObjects: 0.027000 ms)

========================================================================
Received Prepare
Registering precompiled user dll's ...
Registered in 0.005561 seconds.
Begin MonoManager ReloadAssembly
Native extension for WindowsStandalone target not found
Refreshing native plugins compatible for Editor in 0.44 ms, found 1 plugins.
Preloading 0 native plugins for Editor in 0.00 ms.
Invoked RoslynAnalysisRunner static constructor.
RoslynAnalysisRunner will not be running.
RoslynAnalysisRunner has terminated.
Mono: successfully reloaded assembly
- Completed reload, in  1.713 seconds
Platform modules already initialized, skipping
Refreshing native plugins compatible for Editor in 1.07 ms, found 1 plugins.
Preloading 0 native plugins for Editor in 0.00 ms.
Unloading 2093 Unused Serialized files (Serialized files now loaded: 0)
System memory in use before: 94.3 MB.
System memory in use after: 94.4 MB.

Unloading 14 unused Assets to reduce memory usage. Loaded Objects now: 2573.
Total: 2.575600 ms (FindLiveObjects: 0.397200 ms CreateObjectMapping: 0.141800 ms MarkObjects: 2.012700 ms  DeleteObjects: 0.021800 ms)

========================================================================
Received Import Request.
  Time since last request: 2079.000522 seconds.
  path: Assets/Cards/FuorileggeIdealista.asset
  artifactKey: Guid(c60850189164aae4c89274bee8bdfe97) Importer(815301076,1909f56bfc062723c751e8b465ee728b)
Start importing Assets/Cards/FuorileggeIdealista.asset using Guid(c60850189164aae4c89274bee8bdfe97) Importer(815301076,1909f56bfc062723c751e8b465ee728b)  -> (artifact id: '6e2b31aa2e3434c138f6f84e6d5b2b20') in 0.047878 seconds
  Import took 0.056632 seconds .

========================================================================
Received Prepare
Registering precompiled user dll's ...
Registered in 0.004940 seconds.
Begin MonoManager ReloadAssembly
Native extension for WindowsStandalone target not found
Refreshing native plugins compatible for Editor in 0.44 ms, found 1 plugins.
Preloading 0 native plugins for Editor in 0.00 ms.
Invoked RoslynAnalysisRunner static constructor.
RoslynAnalysisRunner will not be running.
RoslynAnalysisRunner has terminated.
Mono: successfully reloaded assembly
- Completed reload, in  1.718 seconds
Platform modules already initialized, skipping
Refreshing native plugins compatible for Editor in 0.67 ms, found 1 plugins.
Preloading 0 native plugins for Editor in 0.00 ms.
Unloading 2093 Unused Serialized files (Serialized files now loaded: 0)
System memory in use before: 94.3 MB.
System memory in use after: 94.4 MB.

Unloading 14 unused Assets to reduce memory usage. Loaded Objects now: 2575.
Total: 3.163800 ms (FindLiveObjects: 0.546600 ms CreateObjectMapping: 0.281900 ms MarkObjects: 2.309900 ms  DeleteObjects: 0.022700 ms)

========================================================================
Received Import Request.
  Time since last request: 140.707756 seconds.
  path: Assets/Cards/FuorileggeIdealista 1.asset
  artifactKey: Guid(3d3e21200e1b891438154b94f23c69b1) Importer(815301076,1909f56bfc062723c751e8b465ee728b)
Start importing Assets/Cards/FuorileggeIdealista 1.asset using Guid(3d3e21200e1b891438154b94f23c69b1) Importer(815301076,1909f56bfc062723c751e8b465ee728b)  -> (artifact id: '2ab5cb118b3ab65ff0011322298833bd') in 0.033221 seconds
  Import took 0.039049 seconds .

========================================================================
Received Import Request.
  Time since last request: 22.652812 seconds.
  path: Assets/Cards/FuorileggeIdealista 1.asset
  artifactKey: Guid(3d3e21200e1b891438154b94f23c69b1) Importer(815301076,1909f56bfc062723c751e8b465ee728b)
Start importing Assets/Cards/FuorileggeIdealista 1.asset using Guid(3d3e21200e1b891438154b94f23c69b1) Importer(815301076,1909f56bfc062723c751e8b465ee728b)  -> (artifact id: '757fd9691dc31c0fa20443b2ee2e8733') in 0.042143 seconds
  Import took 0.077609 seconds .

========================================================================
Received Import Request.
  Time since last request: 33.367626 seconds.
  path: Assets/Cards/Scout d'Avanguardia.asset
  artifactKey: Guid(3d3e21200e1b891438154b94f23c69b1) Importer(815301076,1909f56bfc062723c751e8b465ee728b)
Start importing Assets/Cards/Scout d'Avanguardia.asset using Guid(3d3e21200e1b891438154b94f23c69b1) Importer(815301076,1909f56bfc062723c751e8b465ee728b)  -> (artifact id: '5f32b93a40aa6ead65cce772aa1348ce') in 0.031717 seconds
  Import took 0.038117 seconds .

========================================================================
Received Import Request.
  Time since last request: 0.002538 seconds.
  path: Assets/Cards/Scout d'Avanguardia.asset
  artifactKey: Guid(3d3e21200e1b891438154b94f23c69b1) Importer(815301076,1909f56bfc062723c751e8b465ee728b)
Start importing Assets/Cards/Scout d'Avanguardia.asset using Guid(3d3e21200e1b891438154b94f23c69b1) Importer(815301076,1909f56bfc062723c751e8b465ee728b)  -> (artifact id: '5f32b93a40aa6ead65cce772aa1348ce') in 0.013551 seconds
  Import took 0.020806 seconds .

========================================================================
Received Prepare
Registering precompiled user dll's ...
Registered in 0.003741 seconds.
Begin MonoManager ReloadAssembly
Native extension for WindowsStandalone target not found
Refreshing native plugins compatible for Editor in 0.86 ms, found 1 plugins.
Preloading 0 native plugins for Editor in 0.00 ms.
Invoked RoslynAnalysisRunner static constructor.
RoslynAnalysisRunner will not be running.
RoslynAnalysisRunner has terminated.
Mono: successfully reloaded assembly
- Completed reload, in  2.519 seconds
Platform modules already initialized, skipping
Refreshing native plugins compatible for Editor in 0.91 ms, found 1 plugins.
Preloading 0 native plugins for Editor in 0.00 ms.
Unloading 2093 Unused Serialized files (Serialized files now loaded: 0)
System memory in use before: 94.3 MB.
System memory in use after: 94.4 MB.

Unloading 14 unused Assets to reduce memory usage. Loaded Objects now: 2577.
Total: 4.172700 ms (FindLiveObjects: 0.367800 ms CreateObjectMapping: 0.151000 ms MarkObjects: 3.617400 ms  DeleteObjects: 0.034200 ms)

========================================================================
Received Prepare
Registering precompiled user dll's ...
Registered in 0.004263 seconds.
Begin MonoManager ReloadAssembly
Native extension for WindowsStandalone target not found
Refreshing native plugins compatible for Editor in 0.71 ms, found 1 plugins.
Preloading 0 native plugins for Editor in 0.00 ms.
Invoked RoslynAnalysisRunner static constructor.
RoslynAnalysisRunner will not be running.
RoslynAnalysisRunner has terminated.
Mono: successfully reloaded assembly
- Completed reload, in  1.360 seconds
Platform modules already initialized, skipping
Refreshing native plugins compatible for Editor in 0.46 ms, found 1 plugins.
Preloading 0 native plugins for Editor in 0.00 ms.
Unloading 2093 Unused Serialized files (Serialized files now loaded: 0)
System memory in use before: 94.3 MB.
System memory in use after: 94.4 MB.

Unloading 14 unused Assets to reduce memory usage. Loaded Objects now: 2579.
Total: 2.488900 ms (FindLiveObjects: 0.295800 ms CreateObjectMapping: 0.144000 ms MarkObjects: 2.023300 ms  DeleteObjects: 0.024200 ms)

========================================================================
Received Import Request.
  Time since last request: 126.168935 seconds.
  path: Assets/Cards/FuorileggeIdealista.asset
  artifactKey: Guid(c60850189164aae4c89274bee8bdfe97) Importer(815301076,1909f56bfc062723c751e8b465ee728b)
Start importing Assets/Cards/FuorileggeIdealista.asset using Guid(c60850189164aae4c89274bee8bdfe97) Importer(815301076,1909f56bfc062723c751e8b465ee728b)  -> (artifact id: '8f94685be37d81c59fe8d49cb0e67dad') in 0.070617 seconds
  Import took 0.080284 seconds .

========================================================================
Received Import Request.
  Time since last request: 0.000150 seconds.
  path: Assets/Cards/Scout d'Avanguardia.asset
  artifactKey: Guid(3d3e21200e1b891438154b94f23c69b1) Importer(815301076,1909f56bfc062723c751e8b465ee728b)
Start importing Assets/Cards/Scout d'Avanguardia.asset using Guid(3d3e21200e1b891438154b94f23c69b1) Importer(815301076,1909f56bfc062723c751e8b465ee728b)  -> (artifact id: '1dd747b2c949ce75446f31536a734e4c') in 0.016966 seconds
  Import took 0.025392 seconds .

========================================================================
Received Prepare
Registering precompiled user dll's ...
Registered in 0.003022 seconds.
Begin MonoManager ReloadAssembly
Native extension for WindowsStandalone target not found
Refreshing native plugins compatible for Editor in 0.48 ms, found 1 plugins.
Preloading 0 native plugins for Editor in 0.00 ms.
Invoked RoslynAnalysisRunner static constructor.
RoslynAnalysisRunner will not be running.
RoslynAnalysisRunner has terminated.
Mono: successfully reloaded assembly
- Completed reload, in  1.670 seconds
Platform modules already initialized, skipping
Refreshing native plugins compatible for Editor in 0.54 ms, found 1 plugins.
Preloading 0 native plugins for Editor in 0.00 ms.
Unloading 2093 Unused Serialized files (Serialized files now loaded: 0)
System memory in use before: 94.3 MB.
System memory in use after: 94.5 MB.

Unloading 14 unused Assets to reduce memory usage. Loaded Objects now: 2581.
Total: 2.445600 ms (FindLiveObjects: 0.285200 ms CreateObjectMapping: 0.078100 ms MarkObjects: 2.054600 ms  DeleteObjects: 0.024600 ms)

========================================================================
Received Prepare
Registering precompiled user dll's ...
Registered in 0.003199 seconds.
Begin MonoManager ReloadAssembly
Native extension for WindowsStandalone target not found
Refreshing native plugins compatible for Editor in 0.47 ms, found 1 plugins.
Preloading 0 native plugins for Editor in 0.00 ms.
Invoked RoslynAnalysisRunner static constructor.
RoslynAnalysisRunner will not be running.
RoslynAnalysisRunner has terminated.
Mono: successfully reloaded assembly
- Completed reload, in  1.671 seconds
Platform modules already initialized, skipping
Refreshing native plugins compatible for Editor in 0.48 ms, found 1 plugins.
Preloading 0 native plugins for Editor in 0.00 ms.
Unloading 2093 Unused Serialized files (Serialized files now loaded: 0)
System memory in use before: 94.4 MB.
System memory in use after: 94.5 MB.

Unloading 14 unused Assets to reduce memory usage. Loaded Objects now: 2583.
Total: 2.903900 ms (FindLiveObjects: 0.542200 ms CreateObjectMapping: 0.304000 ms MarkObjects: 2.029900 ms  DeleteObjects: 0.025100 ms)

========================================================================
Received Prepare
Registering precompiled user dll's ...
Registered in 0.004168 seconds.
Begin MonoManager ReloadAssembly
Native extension for WindowsStandalone target not found
Refreshing native plugins compatible for Editor in 0.44 ms, found 1 plugins.
Preloading 0 native plugins for Editor in 0.00 ms.
Invoked RoslynAnalysisRunner static constructor.
RoslynAnalysisRunner will not be running.
RoslynAnalysisRunner has terminated.
Mono: successfully reloaded assembly
- Completed reload, in  1.442 seconds
Platform modules already initialized, skipping
Refreshing native plugins compatible for Editor in 0.76 ms, found 1 plugins.
Preloading 0 native plugins for Editor in 0.00 ms.
Unloading 2093 Unused Serialized files (Serialized files now loaded: 0)
System memory in use before: 94.4 MB.
System memory in use after: 94.5 MB.

Unloading 14 unused Assets to reduce memory usage. Loaded Objects now: 2585.
Total: 3.094900 ms (FindLiveObjects: 0.405200 ms CreateObjectMapping: 0.148700 ms MarkObjects: 2.509900 ms  DeleteObjects: 0.028900 ms)

========================================================================
Received Import Request.
  Time since last request: 3200.633785 seconds.
  path: Assets/Scripts/GameLogic/CardHandVisualizer.cs
  artifactKey: Guid(b9c2441fb5ac2bf4489468e09fa853ff) Importer(815301076,1909f56bfc062723c751e8b465ee728b)
Start importing Assets/Scripts/GameLogic/CardHandVisualizer.cs using Guid(b9c2441fb5ac2bf4489468e09fa853ff) Importer(815301076,1909f56bfc062723c751e8b465ee728b)  -> (artifact id: 'cb34038b61efb404be10a9bec594a470') in 0.025740 seconds
  Import took 0.033334 seconds .

========================================================================
Received Prepare
Registering precompiled user dll's ...
Registered in 0.004826 seconds.
Begin MonoManager ReloadAssembly
Native extension for WindowsStandalone target not found
Refreshing native plugins compatible for Editor in 0.50 ms, found 1 plugins.
Preloading 0 native plugins for Editor in 0.00 ms.
Invoked RoslynAnalysisRunner static constructor.
RoslynAnalysisRunner will not be running.
RoslynAnalysisRunner has terminated.
Mono: successfully reloaded assembly
- Completed reload, in  1.951 seconds
Platform modules already initialized, skipping
Refreshing native plugins compatible for Editor in 0.44 ms, found 1 plugins.
Preloading 0 native plugins for Editor in 0.00 ms.
Unloading 2094 Unused Serialized files (Serialized files now loaded: 0)
System memory in use before: 94.4 MB.
System memory in use after: 94.5 MB.

Unloading 14 unused Assets to reduce memory usage. Loaded Objects now: 2588.
Total: 2.750800 ms (FindLiveObjects: 0.416600 ms CreateObjectMapping: 0.212700 ms MarkObjects: 2.096600 ms  DeleteObjects: 0.023200 ms)

========================================================================
Received Prepare
Registering precompiled user dll's ...
Registered in 0.004761 seconds.
Begin MonoManager ReloadAssembly
Native extension for WindowsStandalone target not found
Refreshing native plugins compatible for Editor in 0.45 ms, found 1 plugins.
Preloading 0 native plugins for Editor in 0.00 ms.
Invoked RoslynAnalysisRunner static constructor.
RoslynAnalysisRunner will not be running.
RoslynAnalysisRunner has terminated.
Mono: successfully reloaded assembly
- Completed reload, in  1.411 seconds
Platform modules already initialized, skipping
Refreshing native plugins compatible for Editor in 0.43 ms, found 1 plugins.
Preloading 0 native plugins for Editor in 0.00 ms.
Unloading 2094 Unused Serialized files (Serialized files now loaded: 0)
System memory in use before: 94.4 MB.
System memory in use after: 94.5 MB.

Unloading 14 unused Assets to reduce memory usage. Loaded Objects now: 2590.
Total: 2.165500 ms (FindLiveObjects: 0.249200 ms CreateObjectMapping: 0.097900 ms MarkObjects: 1.794700 ms  DeleteObjects: 0.022000 ms)

========================================================================
Received Import Request.
  Time since last request: 39.195360 seconds.
  path: Assets/Scripts/GameLogic/ListOfCards.cs
  artifactKey: Guid(06f4a0d326b5922419d2a2b9a7536cbc) Importer(815301076,1909f56bfc062723c751e8b465ee728b)
Start importing Assets/Scripts/GameLogic/ListOfCards.cs using Guid(06f4a0d326b5922419d2a2b9a7536cbc) Importer(815301076,1909f56bfc062723c751e8b465ee728b)  -> (artifact id: 'cb5097b15e933a8d8bd0f0409387422e') in 0.018443 seconds
  Import took 0.023445 seconds .

========================================================================
Received Prepare
Registering precompiled user dll's ...
Registered in 0.003806 seconds.
Begin MonoManager ReloadAssembly
Native extension for WindowsStandalone target not found
Refreshing native plugins compatible for Editor in 0.44 ms, found 1 plugins.
Preloading 0 native plugins for Editor in 0.00 ms.
Invoked RoslynAnalysisRunner static constructor.
RoslynAnalysisRunner will not be running.
RoslynAnalysisRunner has terminated.
Mono: successfully reloaded assembly
- Completed reload, in  1.461 seconds
Platform modules already initialized, skipping
Refreshing native plugins compatible for Editor in 0.50 ms, found 1 plugins.
Preloading 0 native plugins for Editor in 0.00 ms.
Unloading 2095 Unused Serialized files (Serialized files now loaded: 0)
System memory in use before: 94.4 MB.
System memory in use after: 94.5 MB.

Unloading 14 unused Assets to reduce memory usage. Loaded Objects now: 2593.
Total: 2.564900 ms (FindLiveObjects: 0.257600 ms CreateObjectMapping: 0.115900 ms MarkObjects: 2.164500 ms  DeleteObjects: 0.024800 ms)

========================================================================
Received Prepare
Registering precompiled user dll's ...
Registered in 0.003842 seconds.
Begin MonoManager ReloadAssembly
Native extension for WindowsStandalone target not found
Refreshing native plugins compatible for Editor in 0.47 ms, found 1 plugins.
Preloading 0 native plugins for Editor in 0.00 ms.
Invoked RoslynAnalysisRunner static constructor.
RoslynAnalysisRunner will not be running.
RoslynAnalysisRunner has terminated.
Mono: successfully reloaded assembly
- Completed reload, in  1.691 seconds
Platform modules already initialized, skipping
Refreshing native plugins compatible for Editor in 0.50 ms, found 1 plugins.
Preloading 0 native plugins for Editor in 0.00 ms.
Unloading 2095 Unused Serialized files (Serialized files now loaded: 0)
System memory in use before: 94.4 MB.
System memory in use after: 94.5 MB.

Unloading 14 unused Assets to reduce memory usage. Loaded Objects now: 2595.
Total: 4.761400 ms (FindLiveObjects: 0.426100 ms CreateObjectMapping: 0.181700 ms MarkObjects: 4.121700 ms  DeleteObjects: 0.029400 ms)

========================================================================
Received Prepare
Registering precompiled user dll's ...
Registered in 0.003549 seconds.
Begin MonoManager ReloadAssembly
Native extension for WindowsStandalone target not found
Refreshing native plugins compatible for Editor in 0.80 ms, found 1 plugins.
Preloading 0 native plugins for Editor in 0.00 ms.
Invoked RoslynAnalysisRunner static constructor.
RoslynAnalysisRunner will not be running.
RoslynAnalysisRunner has terminated.
Mono: successfully reloaded assembly
- Completed reload, in  1.609 seconds
Platform modules already initialized, skipping
Refreshing native plugins compatible for Editor in 0.68 ms, found 1 plugins.
Preloading 0 native plugins for Editor in 0.00 ms.
Unloading 2095 Unused Serialized files (Serialized files now loaded: 0)
System memory in use before: 94.4 MB.
System memory in use after: 94.5 MB.

Unloading 14 unused Assets to reduce memory usage. Loaded Objects now: 2597.
Total: 2.529400 ms (FindLiveObjects: 0.333500 ms CreateObjectMapping: 0.121600 ms MarkObjects: 2.049200 ms  DeleteObjects: 0.023800 ms)

========================================================================
Received Prepare
Registering precompiled user dll's ...
Registered in 0.005228 seconds.
Begin MonoManager ReloadAssembly
Native extension for WindowsStandalone target not found
Refreshing native plugins compatible for Editor in 0.45 ms, found 1 plugins.
Preloading 0 native plugins for Editor in 0.00 ms.
Invoked RoslynAnalysisRunner static constructor.
RoslynAnalysisRunner will not be running.
RoslynAnalysisRunner has terminated.
Mono: successfully reloaded assembly
- Completed reload, in  1.013 seconds
Platform modules already initialized, skipping
Refreshing native plugins compatible for Editor in 0.49 ms, found 1 plugins.
Preloading 0 native plugins for Editor in 0.00 ms.
Unloading 2095 Unused Serialized files (Serialized files now loaded: 0)
System memory in use before: 94.4 MB.
System memory in use after: 94.6 MB.

Unloading 14 unused Assets to reduce memory usage. Loaded Objects now: 2599.
Total: 2.532700 ms (FindLiveObjects: 0.343400 ms CreateObjectMapping: 0.244800 ms MarkObjects: 1.917800 ms  DeleteObjects: 0.024900 ms)

========================================================================
Received Prepare
Registering precompiled user dll's ...
Registered in 0.005210 seconds.
Begin MonoManager ReloadAssembly
Native extension for WindowsStandalone target not found
Refreshing native plugins compatible for Editor in 0.44 ms, found 1 plugins.
Preloading 0 native plugins for Editor in 0.00 ms.
Invoked RoslynAnalysisRunner static constructor.
RoslynAnalysisRunner will not be running.
RoslynAnalysisRunner has terminated.
Mono: successfully reloaded assembly
- Completed reload, in  1.486 seconds
Platform modules already initialized, skipping
Refreshing native plugins compatible for Editor in 0.57 ms, found 1 plugins.
Preloading 0 native plugins for Editor in 0.00 ms.
Unloading 2095 Unused Serialized files (Serialized files now loaded: 0)
System memory in use before: 94.5 MB.
System memory in use after: 94.6 MB.

Unloading 14 unused Assets to reduce memory usage. Loaded Objects now: 2601.
Total: 2.827400 ms (FindLiveObjects: 0.391500 ms CreateObjectMapping: 0.110900 ms MarkObjects: 2.297000 ms  DeleteObjects: 0.026300 ms)

========================================================================
Received Prepare
Registering precompiled user dll's ...
Registered in 0.004403 seconds.
Begin MonoManager ReloadAssembly
Native extension for WindowsStandalone target not found
Refreshing native plugins compatible for Editor in 0.71 ms, found 1 plugins.
Preloading 0 native plugins for Editor in 0.00 ms.
Invoked RoslynAnalysisRunner static constructor.
RoslynAnalysisRunner will not be running.
RoslynAnalysisRunner has terminated.
Mono: successfully reloaded assembly
- Completed reload, in  1.808 seconds
Platform modules already initialized, skipping
Refreshing native plugins compatible for Editor in 1.01 ms, found 1 plugins.
Preloading 0 native plugins for Editor in 0.00 ms.
Unloading 2095 Unused Serialized files (Serialized files now loaded: 0)
System memory in use before: 94.5 MB.
System memory in use after: 94.6 MB.

Unloading 14 unused Assets to reduce memory usage. Loaded Objects now: 2603.
Total: 3.983300 ms (FindLiveObjects: 0.570900 ms CreateObjectMapping: 0.247800 ms MarkObjects: 3.137000 ms  DeleteObjects: 0.025600 ms)

========================================================================
Received Import Request.
  Time since last request: 845.644822 seconds.
  path: Assets/Cards/Fuorilegge Idealista.asset
  artifactKey: Guid(c60850189164aae4c89274bee8bdfe97) Importer(815301076,1909f56bfc062723c751e8b465ee728b)
Start importing Assets/Cards/Fuorilegge Idealista.asset using Guid(c60850189164aae4c89274bee8bdfe97) Importer(815301076,1909f56bfc062723c751e8b465ee728b)  -> (artifact id: '64c158e6f63777768e8fca3b2cfa7014') in 0.056588 seconds
  Import took 0.061927 seconds .

========================================================================
Received Prepare
Registering precompiled user dll's ...
Registered in 0.004903 seconds.
Begin MonoManager ReloadAssembly
Native extension for WindowsStandalone target not found
Refreshing native plugins compatible for Editor in 0.45 ms, found 1 plugins.
Preloading 0 native plugins for Editor in 0.00 ms.
Invoked RoslynAnalysisRunner static constructor.
RoslynAnalysisRunner will not be running.
RoslynAnalysisRunner has terminated.
Mono: successfully reloaded assembly
- Completed reload, in  1.469 seconds
Platform modules already initialized, skipping
Refreshing native plugins compatible for Editor in 0.55 ms, found 1 plugins.
Preloading 0 native plugins for Editor in 0.00 ms.
Unloading 2095 Unused Serialized files (Serialized files now loaded: 0)
System memory in use before: 94.5 MB.
System memory in use after: 94.6 MB.

Unloading 14 unused Assets to reduce memory usage. Loaded Objects now: 2605.
Total: 2.456800 ms (FindLiveObjects: 0.298800 ms CreateObjectMapping: 0.148100 ms MarkObjects: 1.983900 ms  DeleteObjects: 0.024300 ms)

========================================================================
Received Import Request.
  Time since last request: 584.356809 seconds.
  path: Assets/Sprites/Cards/Sprite-0001.png
  artifactKey: Guid(c86d807935d39d44ebf7f43e5d69e1a7) Importer(815301076,1909f56bfc062723c751e8b465ee728b)
Start importing Assets/Sprites/Cards/Sprite-0001.png using Guid(c86d807935d39d44ebf7f43e5d69e1a7) Importer(815301076,1909f56bfc062723c751e8b465ee728b)  -> (artifact id: '7de383d2a76cbdb1a7c2d4c1671f3697') in 0.237569 seconds
  Import took 0.243564 seconds .

========================================================================
Received Import Request.
  Time since last request: 11.401616 seconds.
  path: Assets/Sprites/Cards/Sprite-0001.png
  artifactKey: Guid(c86d807935d39d44ebf7f43e5d69e1a7) Importer(815301076,1909f56bfc062723c751e8b465ee728b)
Start importing Assets/Sprites/Cards/Sprite-0001.png using Guid(c86d807935d39d44ebf7f43e5d69e1a7) Importer(815301076,1909f56bfc062723c751e8b465ee728b)  -> (artifact id: '4e0b70b33ce7c4594c6fe8b7f746ab84') in 0.026674 seconds
  Import took 0.039553 seconds .

========================================================================
Received Import Request.
  Time since last request: 2156.389299 seconds.
  path: Assets/Scripts/GameLogic/CardHandler.cs
  artifactKey: Guid(f8f9083fd89569642ae8d341a3c60fdd) Importer(815301076,1909f56bfc062723c751e8b465ee728b)
Start importing Assets/Scripts/GameLogic/CardHandler.cs using Guid(f8f9083fd89569642ae8d341a3c60fdd) Importer(815301076,1909f56bfc062723c751e8b465ee728b)  -> (artifact id: '9868523f561fd62992bbf8743149af9a') in 0.010204 seconds
  Import took 0.015388 seconds .

========================================================================
Received Import Request.
  Time since last request: 0.014124 seconds.
  path: Assets/Scripts/GameLogic/CardHandler.cs
  artifactKey: Guid(f8f9083fd89569642ae8d341a3c60fdd) Importer(815301076,1909f56bfc062723c751e8b465ee728b)
Start importing Assets/Scripts/GameLogic/CardHandler.cs using Guid(f8f9083fd89569642ae8d341a3c60fdd) Importer(815301076,1909f56bfc062723c751e8b465ee728b)  -> (artifact id: '9868523f561fd62992bbf8743149af9a') in 0.025082 seconds
  Import took 0.384170 seconds .

========================================================================
Received Import Request.
  Time since last request: 634.015311 seconds.
  path: Assets/Scripts/GameLogic/HandCard.cs
  artifactKey: Guid(df95adcb1105849428f5b2eccd82b28d) Importer(815301076,1909f56bfc062723c751e8b465ee728b)
Start importing Assets/Scripts/GameLogic/HandCard.cs using Guid(df95adcb1105849428f5b2eccd82b28d) Importer(815301076,1909f56bfc062723c751e8b465ee728b)  -> (artifact id: 'eb112a02fa54d90b23cea519cf2a1436') in 0.012920 seconds
  Import took 0.030807 seconds .

========================================================================
Received Prepare
Registering precompiled user dll's ...
Registered in 0.003797 seconds.
Begin MonoManager ReloadAssembly
Native extension for WindowsStandalone target not found
Refreshing native plugins compatible for Editor in 0.50 ms, found 1 plugins.
Preloading 0 native plugins for Editor in 0.00 ms.
Invoked RoslynAnalysisRunner static constructor.
RoslynAnalysisRunner will not be running.
RoslynAnalysisRunner has terminated.
Mono: successfully reloaded assembly
- Completed reload, in  1.391 seconds
Platform modules already initialized, skipping
Refreshing native plugins compatible for Editor in 1.11 ms, found 1 plugins.
Preloading 0 native plugins for Editor in 0.00 ms.
Unloading 2096 Unused Serialized files (Serialized files now loaded: 0)
System memory in use before: 97.5 MB.
System memory in use after: 97.6 MB.

Unloading 14 unused Assets to reduce memory usage. Loaded Objects now: 2614.
Total: 6.487500 ms (FindLiveObjects: 1.360600 ms CreateObjectMapping: 0.326500 ms MarkObjects: 4.756800 ms  DeleteObjects: 0.041200 ms)

========================================================================
Received Prepare
Registering precompiled user dll's ...
Registered in 0.005680 seconds.
Begin MonoManager ReloadAssembly
Native extension for WindowsStandalone target not found
Refreshing native plugins compatible for Editor in 0.69 ms, found 1 plugins.
Preloading 0 native plugins for Editor in 0.00 ms.
Invoked RoslynAnalysisRunner static constructor.
RoslynAnalysisRunner will not be running.
RoslynAnalysisRunner has terminated.
Mono: successfully reloaded assembly
- Completed reload, in  1.444 seconds
Platform modules already initialized, skipping
Refreshing native plugins compatible for Editor in 0.47 ms, found 1 plugins.
Preloading 0 native plugins for Editor in 0.00 ms.
Unloading 2096 Unused Serialized files (Serialized files now loaded: 0)
System memory in use before: 97.5 MB.
System memory in use after: 97.6 MB.

Unloading 14 unused Assets to reduce memory usage. Loaded Objects now: 2616.
Total: 2.448200 ms (FindLiveObjects: 0.294700 ms CreateObjectMapping: 0.101700 ms MarkObjects: 2.025600 ms  DeleteObjects: 0.024200 ms)

========================================================================
Received Prepare
Registering precompiled user dll's ...
Registered in 0.004837 seconds.
Begin MonoManager ReloadAssembly
Native extension for WindowsStandalone target not found
Refreshing native plugins compatible for Editor in 0.66 ms, found 1 plugins.
Preloading 0 native plugins for Editor in 0.00 ms.
Invoked RoslynAnalysisRunner static constructor.
RoslynAnalysisRunner will not be running.
RoslynAnalysisRunner has terminated.
Mono: successfully reloaded assembly
- Completed reload, in  1.821 seconds
Platform modules already initialized, skipping
Refreshing native plugins compatible for Editor in 0.43 ms, found 1 plugins.
Preloading 0 native plugins for Editor in 0.00 ms.
Unloading 2096 Unused Serialized files (Serialized files now loaded: 0)
System memory in use before: 97.5 MB.
System memory in use after: 97.6 MB.

Unloading 14 unused Assets to reduce memory usage. Loaded Objects now: 2618.
Total: 2.467300 ms (FindLiveObjects: 0.278000 ms CreateObjectMapping: 0.121800 ms MarkObjects: 2.043100 ms  DeleteObjects: 0.022900 ms)

========================================================================
Received Prepare
Registering precompiled user dll's ...
Registered in 0.005120 seconds.
Begin MonoManager ReloadAssembly
Native extension for WindowsStandalone target not found
Refreshing native plugins compatible for Editor in 0.44 ms, found 1 plugins.
Preloading 0 native plugins for Editor in 0.00 ms.
Invoked RoslynAnalysisRunner static constructor.
RoslynAnalysisRunner will not be running.
RoslynAnalysisRunner has terminated.
Mono: successfully reloaded assembly
- Completed reload, in  1.421 seconds
Platform modules already initialized, skipping
Refreshing native plugins compatible for Editor in 0.46 ms, found 1 plugins.
Preloading 0 native plugins for Editor in 0.00 ms.
Unloading 2096 Unused Serialized files (Serialized files now loaded: 0)
System memory in use before: 97.5 MB.
System memory in use after: 97.6 MB.

Unloading 14 unused Assets to reduce memory usage. Loaded Objects now: 2620.
Total: 2.208800 ms (FindLiveObjects: 0.299400 ms CreateObjectMapping: 0.110800 ms MarkObjects: 1.775400 ms  DeleteObjects: 0.022000 ms)

========================================================================
Received Prepare
Registering precompiled user dll's ...
Registered in 0.004142 seconds.
Begin MonoManager ReloadAssembly
Native extension for WindowsStandalone target not found
Refreshing native plugins compatible for Editor in 0.78 ms, found 1 plugins.
Preloading 0 native plugins for Editor in 0.00 ms.
Invoked RoslynAnalysisRunner static constructor.
RoslynAnalysisRunner will not be running.
RoslynAnalysisRunner has terminated.
Mono: successfully reloaded assembly
- Completed reload, in  1.786 seconds
Platform modules already initialized, skipping
Refreshing native plugins compatible for Editor in 0.45 ms, found 1 plugins.
Preloading 0 native plugins for Editor in 0.00 ms.
Unloading 2096 Unused Serialized files (Serialized files now loaded: 0)
System memory in use before: 97.5 MB.
System memory in use after: 97.6 MB.

Unloading 14 unused Assets to reduce memory usage. Loaded Objects now: 2622.
Total: 3.121800 ms (FindLiveObjects: 0.354900 ms CreateObjectMapping: 0.110700 ms MarkObjects: 2.620300 ms  DeleteObjects: 0.033600 ms)

========================================================================
Received Prepare
Registering precompiled user dll's ...
Registered in 0.004946 seconds.
Begin MonoManager ReloadAssembly
Native extension for WindowsStandalone target not found
Refreshing native plugins compatible for Editor in 0.46 ms, found 1 plugins.
Preloading 0 native plugins for Editor in 0.00 ms.
Invoked RoslynAnalysisRunner static constructor.
RoslynAnalysisRunner will not be running.
RoslynAnalysisRunner has terminated.
Mono: successfully reloaded assembly
- Completed reload, in  1.498 seconds
Platform modules already initialized, skipping
Refreshing native plugins compatible for Editor in 0.62 ms, found 1 plugins.
Preloading 0 native plugins for Editor in 0.00 ms.
Unloading 2096 Unused Serialized files (Serialized files now loaded: 0)
System memory in use before: 97.5 MB.
System memory in use after: 97.6 MB.

Unloading 14 unused Assets to reduce memory usage. Loaded Objects now: 2624.
Total: 4.347200 ms (FindLiveObjects: 0.657400 ms CreateObjectMapping: 0.237800 ms MarkObjects: 3.386400 ms  DeleteObjects: 0.063100 ms)

========================================================================
Received Prepare
Registering precompiled user dll's ...
Registered in 0.004092 seconds.
Begin MonoManager ReloadAssembly
Native extension for WindowsStandalone target not found
Refreshing native plugins compatible for Editor in 0.46 ms, found 1 plugins.
Preloading 0 native plugins for Editor in 0.00 ms.
Invoked RoslynAnalysisRunner static constructor.
RoslynAnalysisRunner will not be running.
RoslynAnalysisRunner has terminated.
Mono: successfully reloaded assembly
- Completed reload, in  1.630 seconds
Platform modules already initialized, skipping
Refreshing native plugins compatible for Editor in 0.51 ms, found 1 plugins.
Preloading 0 native plugins for Editor in 0.00 ms.
Unloading 2096 Unused Serialized files (Serialized files now loaded: 0)
System memory in use before: 97.5 MB.
System memory in use after: 97.6 MB.

Unloading 14 unused Assets to reduce memory usage. Loaded Objects now: 2626.
Total: 3.337600 ms (FindLiveObjects: 0.694400 ms CreateObjectMapping: 0.209400 ms MarkObjects: 2.407400 ms  DeleteObjects: 0.023600 ms)

AssetImportWorkerClient::OnTransportError - code=2 error=End of file
